:Monkey: seed=1683779185299 count=1000
:AllowPackage: com.google.android.youtube
:IncludeCategory: android.intent.category.LAUNCHER
:IncludeCategory: android.intent.category.MONKEY
// Selecting main activities from category android.intent.category.LAUNCHER
//   - NOT USING main activity com.huawei.browser.Main2 (from package com.android.browser)
//   - NOT USING main activity com.android.calendar.AllInOneActivity (from package com.android.calendar)
//   - NOT USING main activity com.android.contacts.activities.PeopleActivity (from package com.android.contacts)
//   - NOT USING main activity com.android.contacts.activities.DialtactsActivity (from package com.android.contacts)
//   - NOT USING main activity com.android.deskclock.AlarmsMainActivity (from package com.android.deskclock)
//   - NOT USING main activity com.huawei.gallery.app.GalleryMain (from package com.android.gallery3d)
//   - NOT USING main activity com.android.mediacenter.PageActivity (from package com.android.mediacenter)
//   - NOT USING main activity com.android.mms.ui.ConversationList (from package com.android.mms)
//   - NOT USING main activity com.android.settings.HWSettings (from package com.android.settings)
//   - NOT USING main activity com.example.android.notepad.NotePadActivity (from package com.example.android.notepad)
//   - NOT USING main activity com.huawei.FMRadio.page.PageActivity (from package com.huawei.android.FMRadio)
//   - NOT USING main activity com.huawei.android.findmyphone.ui.findphone.FindMyPhoneActivity (from package com.huawei.android.findmyphone)
//   - NOT USING main activity com.huawei.camera (from package com.huawei.camera)
//   - NOT USING main activity com.huawei.hidisk.filemanager.FileManager (from package com.huawei.hidisk)
//   - NOT USING main activity com.android.vending.AssetBrowserActivity (from package com.android.vending)
//   + Using main activity com.google.android.youtube.app.honeycomb.Shell$HomeActivity (from package com.google.android.youtube)
//   - NOT USING main activity com.iflytek.inputmethod.LauncherActivity (from package com.iflytek.inputmethod)
//   - NOT USING main activity io.faceapp.MainActivity (from package io.faceapp)
//   - NOT USING main activity mark.via.Shell (from package mark.via)
//   - NOT USING main activity com.android.documentsui.LauncherActivity (from package com.android.documentsui)
//   - NOT USING main activity com.android.soundrecorder.SoundRecorder (from package com.android.soundrecorder)
//   - NOT USING main activity com.android.stk.StkLauncherActivity (from package com.android.stk)
//   - NOT USING main activity com.android.stk.StkLauncherActivity2 (from package com.android.stk)
//   - NOT USING main activity com.android.systemui.flashlight.FlashlightActivity (from package com.android.systemui)
//   - NOT USING main activity com.huawei.android.hwouc.ui.activities.MainEntranceActivity (from package com.huawei.android.hwouc)
//   - NOT USING main activity com.huawei.android.remotecontroller.StartActivity (from package com.huawei.android.remotecontroller)
//   - NOT USING main activity com.huawei.android.thememanager.HwThemeManagerActivity (from package com.huawei.android.thememanager)
//   - NOT USING main activity com.huawei.android.totemweather.WeatherHome (from package com.huawei.android.totemweather)
//   - NOT USING main activity com.huawei.appmarket.MainActivity (from package com.huawei.appmarket)
//   - NOT USING main activity com.huawei.compass.MainActivity (from package com.huawei.compass)
//   - NOT USING main activity com.huawei.phoneservice.LaunchActivity (from package com.huawei.phoneservice)
//   - NOT USING main activity com.huawei.systemmanager.mainscreen.MainScreenActivity (from package com.huawei.systemmanager)
//   - NOT USING main activity com.huawei.tips.info.MainActivity111 (from package com.huawei.tips.info)
//   - NOT USING main activity com.huawei.vassistant.ui.VAssistantActivity (from package com.huawei.vassistant)
//   - NOT USING main activity com.huawei.vdrive.ui.VDriveActivity (from package com.huawei.vdrive)
//   - NOT USING main activity com.huawei.wallet.view.MainActivity (from package com.huawei.wallet)
//   - NOT USING main activity com.atlasvpn.free.android.proxy.secure.view.splash.SplashActivity (from package com.atlasvpn.free.android.proxy.secure)
//   - NOT USING main activity com.ctfile.MainActivity (from package com.ctfile)
//   - NOT USING main activity com.dewmobile.kuaiya.act.DmStartupActivity (from package com.dewmobile.kuaiya)
//   - NOT USING main activity com.easybrain.block.puzzle.games.SplashActivity (from package com.easybrain.block.puzzle.games)
//   - NOT USING main activity com.emo.gp.MainActivity (from package com.emo.gp)
//   - NOT USING main activity com.hamibot.hamibot.ui.splash.SplashActivity (from package com.hamibot.hamibot)
//   - NOT USING main activity com.higoplayservice.higoplay.SplashActivity (from package com.higoplayservice.higoplay)
//   - NOT USING main activity com.install.service.store.SplashAdActivity (from package com.install.service.store)
//   - NOT USING main activity com.mayi.xiaoyi.SplashActivity (from package com.mayi.xiaoyi)
//   - NOT USING main activity com.mihoyo.cloudgame.ui.SplashActivity (from package com.miHoYo.cloudgames.ys)
//   - NOT USING main activity com.pp.assistant.activity.MainActivity (from package com.pp.assistant)
//   - NOT USING main activity com.squirrelvpn.MainActivity (from package com.squirrelvpn)
//   - NOT USING main activity com.ss.android.ugc.aweme.splash.SplashActivity (from package com.ss.android.ugc.trill)
//   - NOT USING main activity com.speed.speed_library.module.start.StartActivity (from package com.tecno.feiyu)
//   - NOT USING main activity com.tencent.mm.ui.LauncherUI (from package com.tencent.mm)
//   - NOT USING main activity com.wovow.youtubehelper.SettingsActivity_Alias (from package com.wovow.youtubehelper)
//   - NOT USING main activity com.wrongchao.v2vpn.MainActivity (from package com.wrongchao.v2vpn)
//   - NOT USING main activity com.xiaomi.mimobile.activity.RouterActivity (from package com.xiaomi.mimobile)
//   - NOT USING main activity com.z28j.feel.HomeActivity (from package com.z28j.feel)
//   - NOT USING main activity com.github.shadowsocks.MainActivity (from package free.v2ray.proxy.VPN)
//   - NOT USING main activity io.github.trylovecatch.aplayer.FirstActivity (from package io.github.trylovecatch.aplayer)
//   - NOT USING main activity me.weishu.exp.ui.MainActivity (from package me.weishu.exp)
//   - NOT USING main activity site.cyningxu.grouphelper.MainActivity (from package site.cyningxu.grouphelper)
//   - NOT USING main activity tiiehenry.xp.gloryoftheking.vt.ActivityMain (from package tiiehenry.xp.gloryoftheking.vt)
//   - NOT USING main activity world.letsgo.booster.android.pages.guide.GuideActivity (from package world.letsgo.booster.android.pro)
//   - NOT USING main activity youqu.android.todesk.activity.WelcomeActivity (from package youqu.android.todesk)
//   - NOT USING main activity com.youku.phone.ActivityWelcome (from package com.huawei.hwvplayer.youku)
// Selecting main activities from category android.intent.category.MONKEY
//   - NOT USING main activity com.android.settings.Settings$RunningServicesActivity (from package com.android.settings)
//   - NOT USING main activity com.android.settings.Settings$StorageUseActivity (from package com.android.settings)
//   - NOT USING main activity com.huawei.android.launcher.unihome.UniHomeLauncher (from package com.huawei.android.launcher)
//   - NOT USING main activity com.huawei.vdrive.ui.LauncherActivity (from package com.huawei.vdrive)
// Seeded: 1683779185299
// Event percentages:
//   0: 80.0%
//   1: 2.3529413%
//   2: 0.47058824%
//   3: 3.5294118%
//   4: -0.0%
//   5: -0.0%
//   6: 5.882353%
//   7: 3.5294118%
//   8: 0.47058824%
//   9: 0.47058824%
//   10: 0.23529412%
//   11: 3.0588236%
:Switch: #Intent;action=android.intent.action.MAIN;category=android.intent.category.LAUNCHER;launchFlags=0x10200000;component=com.google.android.youtube/.app.honeycomb.Shell%24HomeActivity;end
    // Allowing start of Intent { act=android.intent.action.MAIN cat=[android.intent.category.LAUNCHER] cmp=com.google.android.youtube/.app.honeycomb.Shell$HomeActivity } in package com.google.android.youtube
Sleeping for 0 milliseconds
:Sending Touch (ACTION_DOWN): 0:(375.0,106.0)
    // Injection Failed
:Sending Touch (ACTION_UP): 0:(374.75818,105.87048)
    // Injection Failed
Sleeping for 0 milliseconds
:Sending Touch (ACTION_DOWN): 0:(179.0,733.0)
    // Injection Failed
:Sending Touch (ACTION_UP): 0:(171.37286,737.8816)
    // Injection Failed
Sleeping for 0 milliseconds
:Sending Touch (ACTION_DOWN): 0:(65.0,1785.0)
    // Injection Failed
:Sending Touch (ACTION_UP): 0:(65.70284,1786.0674)
    // Injection Failed
Sleeping for 0 milliseconds
:Sending Touch (ACTION_DOWN): 0:(448.0,1600.0)
    // Injection Failed
:Sending Touch (ACTION_UP): 0:(448.68616,1596.8687)
    // Injection Failed
Sleeping for 0 milliseconds
:Sending Touch (ACTION_DOWN): 0:(498.0,1335.0)
    // Injection Failed
:Sending Touch (ACTION_UP): 0:(512.2569,1337.185)
    // Injection Failed
Sleeping for 0 milliseconds
:Sending Touch (ACTION_DOWN): 0:(735.0,350.0)
    // Injection Failed
:Sending Touch (ACTION_UP): 0:(736.14514,335.43497)
    // Injection Failed
Sleeping for 0 milliseconds
:Sending Touch (ACTION_DOWN): 0:(924.0,1012.0)
    // Injection Failed
:Sending Touch (ACTION_UP): 0:(924.061,1013.3973)
    // Injection Failed
Sleeping for 0 milliseconds
:Sending Touch (ACTION_DOWN): 0:(226.0,759.0)
    // Injection Failed
:Sending Touch (ACTION_UP): 0:(225.1314,780.4567)
    // Injection Failed
Sleeping for 0 milliseconds
:Sending Touch (ACTION_DOWN): 0:(897.0,712.0)
    // Injection Failed
:Sending Touch (ACTION_UP): 0:(899.5131,716.45386)
    // Injection Failed
Sleeping for 0 milliseconds
:Sending Touch (ACTION_DOWN): 0:(693.0,1594.0)
    // Injection Failed
:Sending Touch (ACTION_UP): 0:(693.30914,1573.3756)
    // Injection Failed
Sleeping for 0 milliseconds
:Sending Touch (ACTION_DOWN): 0:(766.0,779.0)
    // Injection Failed
:Sending Touch (ACTION_UP): 0:(780.1482,778.45184)
    // Injection Failed
Sleeping for 0 milliseconds
:Sending Touch (ACTION_DOWN): 0:(629.0,677.0)
    // Injection Failed
:Sending Touch (ACTION_UP): 0:(642.867,681.09906)
    // Injection Failed
Sleeping for 0 milliseconds
:Sending Trackball (ACTION_MOVE): 0:(-1.0,-1.0)
:Sending Trackball (ACTION_MOVE): 0:(-5.0,2.0)
:Sending Trackball (ACTION_MOVE): 0:(1.0,-2.0)
:Sending Trackball (ACTION_MOVE): 0:(2.0,4.0)
:Sending Trackball (ACTION_MOVE): 0:(-4.0,1.0)
:Sending Trackball (ACTION_MOVE): 0:(2.0,3.0)
:Sending Trackball (ACTION_MOVE): 0:(4.0,0.0)
:Sending Trackball (ACTION_MOVE): 0:(-2.0,2.0)
:Sending Trackball (ACTION_MOVE): 0:(-5.0,-1.0)
:Sending Trackball (ACTION_MOVE): 0:(2.0,-2.0)
:Sending Touch (ACTION_DOWN): 0:(520.0,1336.0)
:Sending Touch (ACTION_UP): 0:(515.6906,1347.47)
Sleeping for 0 milliseconds
:Sending Touch (ACTION_DOWN): 0:(815.0,941.0)
:Sending Touch (ACTION_UP): 0:(806.1138,939.68555)
Sleeping for 0 milliseconds
:Sending Touch (ACTION_DOWN): 0:(57.0,959.0)
:Sending Touch (ACTION_UP): 0:(76.72414,959.51416)
Sleeping for 0 milliseconds
:Sending Trackball (ACTION_MOVE): 0:(4.0,3.0)
:Sending Trackball (ACTION_MOVE): 0:(-3.0,4.0)
:Sending Trackball (ACTION_MOVE): 0:(3.0,-3.0)
:Sending Trackball (ACTION_MOVE): 0:(-5.0,4.0)
:Sending Trackball (ACTION_MOVE): 0:(-4.0,-5.0)
:Sending Trackball (ACTION_MOVE): 0:(3.0,-5.0)
:Sending Trackball (ACTION_MOVE): 0:(-4.0,-5.0)
:Sending Trackball (ACTION_MOVE): 0:(-1.0,4.0)
:Sending Trackball (ACTION_MOVE): 0:(-1.0,3.0)
:Sending Trackball (ACTION_MOVE): 0:(4.0,-2.0)
:Sending Trackball (ACTION_DOWN): 0:(0.0,0.0)
:Sending Trackball (ACTION_UP): 0:(0.0,0.0)
Sleeping for 0 milliseconds
:Sending Touch (ACTION_DOWN): 0:(196.0,1403.0)
:Sending Touch (ACTION_MOVE): 0:(208.52351,1415.6278)
:Sending Touch (ACTION_MOVE): 0:(215.06123,1436.3318)
:Sending Touch (ACTION_MOVE): 0:(220.19252,1440.1208)
:Sending Touch (ACTION_MOVE): 0:(233.39534,1455.2677)
:Sending Touch (ACTION_MOVE): 0:(239.82129,1457.3748)
:Sending Touch (ACTION_MOVE): 0:(241.68015,1458.9865)
:Sending Touch (ACTION_MOVE): 0:(250.82672,1470.3711)
:Sending Touch (ACTION_UP): 0:(251.20679,1485.1233)
Sleeping for 0 milliseconds
:Sending Touch (ACTION_DOWN): 0:(310.0,493.0)
:Sending Touch (ACTION_UP): 0:(312.28333,500.68088)
Sleeping for 0 milliseconds
:Sending Trackball (ACTION_MOVE): 0:(2.0,-2.0)
:Sending Trackball (ACTION_MOVE): 0:(-3.0,3.0)
:Sending Trackball (ACTION_MOVE): 0:(4.0,0.0)
:Sending Trackball (ACTION_MOVE): 0:(-1.0,0.0)
:Sending Trackball (ACTION_MOVE): 0:(-3.0,2.0)
:Sending Trackball (ACTION_MOVE): 0:(-1.0,0.0)
:Sending Trackball (ACTION_MOVE): 0:(4.0,-3.0)
:Sending Trackball (ACTION_MOVE): 0:(2.0,2.0)
:Sending Trackball (ACTION_MOVE): 0:(-4.0,-5.0)
:Sending Trackball (ACTION_MOVE): 0:(0.0,-3.0)
:Sending Touch (ACTION_DOWN): 0:(635.0,1189.0)
:Sending Touch (ACTION_UP): 0:(653.65125,1196.0538)
Sleeping for 0 milliseconds
:Sending Touch (ACTION_DOWN): 0:(654.0,537.0)
:Sending Touch (ACTION_UP): 0:(664.2439,533.0183)
Sleeping for 0 milliseconds
:Sending Touch (ACTION_DOWN): 0:(253.0,411.0)
:Sending Touch (ACTION_UP): 0:(254.8387,407.62564)
Sleeping for 0 milliseconds
:Sending Touch (ACTION_DOWN): 0:(461.0,1240.0)
:Sending Touch (ACTION_UP): 0:(455.98557,1245.187)
Sleeping for 0 milliseconds
:Sending Touch (ACTION_DOWN): 0:(1065.0,14.0)
:Sending Touch (ACTION_UP): 0:(1068.0624,19.089182)
Sleeping for 0 milliseconds
:Sending Touch (ACTION_DOWN): 0:(801.0,19.0)
:Sending Touch (ACTION_UP): 0:(824.4489,17.213789)
Sleeping for 0 milliseconds
:Sending Key (ACTION_DOWN): 24    // KEYCODE_VOLUME_UP
:Sending Key (ACTION_UP): 24    // KEYCODE_VOLUME_UP
Sleeping for 0 milliseconds
:Sending Touch (ACTION_DOWN): 0:(816.0,536.0)
:Sending Touch (ACTION_UP): 0:(816.28625,546.40814)
Sleeping for 0 milliseconds
:Sending Touch (ACTION_DOWN): 0:(715.0,1783.0)
:Sending Touch (ACTION_UP): 0:(705.0445,1782.8536)
Sleeping for 0 milliseconds
:Sending Touch (ACTION_DOWN): 0:(381.0,1487.0)
:Sending Touch (ACTION_UP): 0:(384.37903,1480.5751)
Sleeping for 0 milliseconds
:Sending Touch (ACTION_DOWN): 0:(147.0,1277.0)
:Sending Touch (ACTION_UP): 0:(159.28899,1296.8689)
Sleeping for 0 milliseconds
:Sending Key (ACTION_DOWN): 507    // 507
:Sending Key (ACTION_UP): 507    // 507
Sleeping for 0 milliseconds
:Sending Touch (ACTION_DOWN): 0:(840.0,1409.0)
:Sending Touch (ACTION_UP): 0:(833.18915,1428.703)
    //[calendar_time:2023-05-09 16:59:54.746  system_uptime:322520260]
    // Sending event #100
Sleeping for 0 milliseconds
    //[calendar_time:2023-05-09 16:59:54.747  system_uptime:322520261]
    // Sending event #100
:Sending Touch (ACTION_DOWN): 0:(982.0,437.0)
:Sending Touch (ACTION_UP): 0:(983.20544,437.45322)
Sleeping for 0 milliseconds
:Sending Trackball (ACTION_MOVE): 0:(4.0,3.0)
:Sending Trackball (ACTION_MOVE): 0:(2.0,2.0)
:Sending Trackball (ACTION_MOVE): 0:(-4.0,2.0)
:Sending Trackball (ACTION_MOVE): 0:(-2.0,4.0)
:Sending Trackball (ACTION_MOVE): 0:(0.0,-1.0)
:Sending Trackball (ACTION_MOVE): 0:(1.0,-4.0)
:Sending Trackball (ACTION_MOVE): 0:(-5.0,-3.0)
:Sending Trackball (ACTION_MOVE): 0:(3.0,-1.0)
:Sending Trackball (ACTION_MOVE): 0:(-4.0,1.0)
:Sending Trackball (ACTION_MOVE): 0:(-2.0,-5.0)
:Sending Touch (ACTION_DOWN): 0:(1037.0,1761.0)
:Sending Touch (ACTION_UP): 0:(1045.9258,1754.7898)
Sleeping for 0 milliseconds
:Sending Key (ACTION_DOWN): 23    // KEYCODE_DPAD_CENTER
    // Rejecting start of Intent { act=huawei.intent.action.HSM_NET_ASSISTANT_MAIN_ACTIVITY cmp=com.huawei.systemmanager/com.huawei.netassistant.ui.NetAssistantMainActivity } in package com.huawei.systemmanager
:Sending Key (ACTION_UP): 23    // KEYCODE_DPAD_CENTER
Sleeping for 0 milliseconds
:Sending Touch (ACTION_DOWN): 0:(91.0,235.0)
:Sending Touch (ACTION_UP): 0:(92.42391,233.67966)
Sleeping for 0 milliseconds
:Sending Trackball (ACTION_MOVE): 0:(-2.0,3.0)
:Sending Trackball (ACTION_MOVE): 0:(-2.0,-5.0)
:Sending Trackball (ACTION_MOVE): 0:(-4.0,-2.0)
:Sending Trackball (ACTION_MOVE): 0:(1.0,-5.0)
:Sending Trackball (ACTION_MOVE): 0:(-4.0,-3.0)
:Sending Trackball (ACTION_MOVE): 0:(-4.0,-4.0)
:Sending Trackball (ACTION_MOVE): 0:(-2.0,2.0)
:Sending Trackball (ACTION_MOVE): 0:(1.0,1.0)
:Sending Trackball (ACTION_MOVE): 0:(0.0,3.0)
:Sending Trackball (ACTION_MOVE): 0:(-1.0,2.0)
:Sending Touch (ACTION_DOWN): 0:(387.0,834.0)
:Sending Touch (ACTION_UP): 0:(390.5679,829.74255)
Sleeping for 0 milliseconds
:Sending Touch (ACTION_DOWN): 0:(890.0,1048.0)
:Sending Touch (ACTION_UP): 0:(884.7439,1044.8209)
Sleeping for 0 milliseconds
:Sending Touch (ACTION_DOWN): 0:(507.0,1081.0)
:Sending Touch (ACTION_UP): 0:(493.1652,1081.4487)
Sleeping for 0 milliseconds
:Sending Touch (ACTION_DOWN): 0:(500.0,1746.0)
:Sending Touch (ACTION_UP): 0:(500.66876,1767.6622)
Sleeping for 0 milliseconds
:Sending Touch (ACTION_DOWN): 0:(286.0,735.0)
:Sending Touch (ACTION_UP): 0:(285.48862,752.83606)
Sleeping for 0 milliseconds
:Sending Trackball (ACTION_MOVE): 0:(2.0,-3.0)
:Sending Trackball (ACTION_MOVE): 0:(2.0,0.0)
:Sending Trackball (ACTION_MOVE): 0:(-3.0,3.0)
:Sending Trackball (ACTION_MOVE): 0:(1.0,0.0)
:Sending Trackball (ACTION_MOVE): 0:(0.0,-3.0)
:Sending Trackball (ACTION_MOVE): 0:(-3.0,3.0)
:Sending Trackball (ACTION_MOVE): 0:(0.0,3.0)
:Sending Trackball (ACTION_MOVE): 0:(0.0,-1.0)
:Sending Trackball (ACTION_MOVE): 0:(-1.0,-5.0)
:Sending Trackball (ACTION_MOVE): 0:(1.0,2.0)
:Sending Trackball (ACTION_DOWN): 0:(0.0,0.0)
:Sending Trackball (ACTION_UP): 0:(0.0,0.0)
Sleeping for 0 milliseconds
:Sending Touch (ACTION_DOWN): 0:(660.0,1543.0)
:Sending Touch (ACTION_UP): 0:(656.5352,1547.7744)
Sleeping for 0 milliseconds
:Sending Touch (ACTION_DOWN): 0:(1008.0,1427.0)
:Sending Touch (ACTION_UP): 0:(1021.8206,1426.9591)
Sleeping for 0 milliseconds
:Sending Trackball (ACTION_MOVE): 0:(0.0,3.0)
:Sending Trackball (ACTION_MOVE): 0:(4.0,-3.0)
:Sending Trackball (ACTION_MOVE): 0:(3.0,4.0)
:Sending Trackball (ACTION_MOVE): 0:(-1.0,0.0)
:Sending Trackball (ACTION_MOVE): 0:(3.0,-5.0)
:Sending Trackball (ACTION_MOVE): 0:(-1.0,-3.0)
:Sending Trackball (ACTION_MOVE): 0:(4.0,2.0)
:Sending Trackball (ACTION_MOVE): 0:(4.0,-3.0)
:Sending Trackball (ACTION_MOVE): 0:(-5.0,-2.0)
    // Rejecting start of Intent { act=android.intent.action.MAIN cat=[android.intent.category.LAUNCHER] cmp=com.android.settings/.DevelopmentSettings } in package com.android.settings
:Sending Trackball (ACTION_MOVE): 0:(-4.0,-2.0)
:Sending Trackball (ACTION_MOVE): 0:(2.0,-2.0)
:Sending Trackball (ACTION_MOVE): 0:(4.0,-4.0)
:Sending Trackball (ACTION_MOVE): 0:(1.0,-4.0)
:Sending Trackball (ACTION_MOVE): 0:(-3.0,1.0)
:Sending Trackball (ACTION_MOVE): 0:(1.0,2.0)
:Sending Trackball (ACTION_MOVE): 0:(-1.0,3.0)
:Sending Trackball (ACTION_MOVE): 0:(-1.0,-3.0)
:Sending Trackball (ACTION_MOVE): 0:(-2.0,4.0)
:Sending Trackball (ACTION_MOVE): 0:(-4.0,4.0)
:Sending Trackball (ACTION_MOVE): 0:(-1.0,4.0)
:Sending Trackball (ACTION_DOWN): 0:(0.0,0.0)
:Sending Trackball (ACTION_UP): 0:(0.0,0.0)
Sleeping for 0 milliseconds
:Sending Touch (ACTION_DOWN): 0:(404.0,1124.0)
:Sending Touch (ACTION_UP): 0:(403.15594,1118.1432)
Sleeping for 0 milliseconds
:Sending Key (ACTION_DOWN): 656    // 656
    // Rejecting start of Intent { act=android.intent.action.MAIN cat=[android.intent.category.LAUNCHER] cmp=com.android.settings/.DevelopmentSettings } in package com.android.settings
:Sending Key (ACTION_UP): 656    // 656
Sleeping for 0 milliseconds
:Sending Touch (ACTION_DOWN): 0:(692.0,254.0)
:Sending Touch (ACTION_UP): 0:(697.21466,230.97246)
Sleeping for 0 milliseconds
:Sending Touch (ACTION_DOWN): 0:(716.0,1726.0)
:Sending Touch (ACTION_UP): 0:(721.32764,1740.233)
Sleeping for 0 milliseconds
:Sending Key (ACTION_DOWN): 19    // KEYCODE_DPAD_UP
:Sending Key (ACTION_UP): 19    // KEYCODE_DPAD_UP
Sleeping for 0 milliseconds
:Sending Touch (ACTION_DOWN): 0:(455.0,1504.0)
:Sending Touch (ACTION_POINTER_DOWN 1): 0:(461.30652,1496.2892) 1:(869.0,696.0)
:Sending Touch (ACTION_MOVE): 0:(473.99213,1494.1747) 1:(867.35443,697.7121)
:Sending Touch (ACTION_MOVE): 0:(480.17593,1490.5231) 1:(863.7356,697.93115)
:Sending Touch (ACTION_POINTER_UP 1): 0:(489.38904,1487.9686) 1:(860.67694,699.4099)
:Sending Touch (ACTION_UP): 0:(508.1956,1486.2986)
Sleeping for 0 milliseconds
:Sending Touch (ACTION_DOWN): 0:(523.0,1490.0)
:Sending Touch (ACTION_UP): 0:(530.1618,1489.6344)
Sleeping for 0 milliseconds
:Sending Touch (ACTION_DOWN): 0:(595.0,702.0)
:Sending Touch (ACTION_UP): 0:(584.3613,709.5605)
Sleeping for 0 milliseconds
:Sending Touch (ACTION_DOWN): 0:(903.0,888.0)
:Sending Touch (ACTION_UP): 0:(899.3244,889.9813)
Sleeping for 0 milliseconds
:Sending Touch (ACTION_DOWN): 0:(451.0,981.0)
:Sending Touch (ACTION_UP): 0:(456.84613,984.49426)
    //[calendar_time:2023-05-09 16:59:54.901  system_uptime:322520414]
    // Sending event #200
Sleeping for 0 milliseconds
    //[calendar_time:2023-05-09 16:59:54.901  system_uptime:322520414]
    // Sending event #200
:Sending Touch (ACTION_DOWN): 0:(774.0,423.0)
:Sending Touch (ACTION_UP): 0:(764.6419,419.5294)
Sleeping for 0 milliseconds
:Switch: #Intent;action=android.intent.action.MAIN;category=android.intent.category.LAUNCHER;launchFlags=0x10200000;component=com.google.android.youtube/.app.honeycomb.Shell%24HomeActivity;end
    // Allowing start of Intent { act=android.intent.action.MAIN cat=[android.intent.category.LAUNCHER] cmp=com.google.android.youtube/.app.honeycomb.Shell$HomeActivity } in package com.google.android.youtube
Sleeping for 0 milliseconds
:Sending Key (ACTION_DOWN): 468    // 468
:Sending Key (ACTION_UP): 468    // 468
Sleeping for 0 milliseconds
:Sending Touch (ACTION_DOWN): 0:(392.0,571.0)
:Sending Touch (ACTION_UP): 0:(391.44452,576.0733)
Sleeping for 0 milliseconds
:Sending Touch (ACTION_DOWN): 0:(636.0,683.0)
:Sending Touch (ACTION_UP): 0:(621.5575,685.6324)
Sleeping for 0 milliseconds
:Sending Touch (ACTION_DOWN): 0:(1062.0,256.0)
:Sending Touch (ACTION_UP): 0:(1058.4735,250.87645)
Sleeping for 0 milliseconds
:Sending Touch (ACTION_DOWN): 0:(850.0,1156.0)
:Sending Touch (ACTION_UP): 0:(854.1398,1150.9163)
Sleeping for 0 milliseconds
:Sending Touch (ACTION_DOWN): 0:(870.0,14.0)
:Sending Touch (ACTION_UP): 0:(893.1151,24.284597)
Sleeping for 0 milliseconds
:Sending Touch (ACTION_DOWN): 0:(948.0,1004.0)
:Sending Touch (ACTION_POINTER_DOWN 1): 0:(951.241,1005.4421) 1:(283.0,1405.0)
:Sending Touch (ACTION_MOVE): 0:(952.7987,1012.2804) 1:(276.40475,1386.1685)
:Sending Touch (ACTION_MOVE): 0:(968.88806,1012.39886) 1:(275.62747,1373.2001)
:Sending Touch (ACTION_MOVE): 0:(978.94214,1016.1877) 1:(271.27478,1365.985)
:Sending Touch (ACTION_POINTER_UP 1): 0:(982.15265,1016.5972) 1:(266.04114,1358.061)
:Sending Touch (ACTION_UP): 0:(991.7668,1017.1877)
Sleeping for 0 milliseconds
:Sending Touch (ACTION_DOWN): 0:(81.0,711.0)
:Sending Touch (ACTION_UP): 0:(93.833885,723.2015)
Sleeping for 0 milliseconds
:Sending Touch (ACTION_DOWN): 0:(547.0,512.0)
:Sending Touch (ACTION_UP): 0:(543.2876,513.09076)
Sleeping for 0 milliseconds
:Sending Touch (ACTION_DOWN): 0:(936.0,1442.0)
:Sending Touch (ACTION_UP): 0:(921.2804,1428.8035)
Sleeping for 0 milliseconds
:Sending Touch (ACTION_DOWN): 0:(453.0,531.0)
:Sending Touch (ACTION_UP): 0:(452.88025,517.98505)
Sleeping for 0 milliseconds
:Sending Touch (ACTION_DOWN): 0:(129.0,558.0)
:Sending Touch (ACTION_UP): 0:(109.579704,552.59064)
Sleeping for 0 milliseconds
:Sending Touch (ACTION_DOWN): 0:(617.0,1381.0)
:Sending Touch (ACTION_UP): 0:(608.1892,1375.2787)
Sleeping for 0 milliseconds
:Sending Touch (ACTION_DOWN): 0:(105.0,103.0)
:Sending Touch (ACTION_UP): 0:(109.713806,115.27991)
Sleeping for 0 milliseconds
:Sending Touch (ACTION_DOWN): 0:(894.0,702.0)
:Sending Touch (ACTION_UP): 0:(906.5236,708.4591)
Sleeping for 0 milliseconds
:Sending Touch (ACTION_DOWN): 0:(291.0,1210.0)
:Sending Touch (ACTION_UP): 0:(300.11945,1210.0636)
Sleeping for 0 milliseconds
:Sending Touch (ACTION_DOWN): 0:(771.0,1297.0)
:Sending Touch (ACTION_UP): 0:(759.0166,1296.9327)
Sleeping for 0 milliseconds
:Sending Touch (ACTION_DOWN): 0:(822.0,1315.0)
:Sending Touch (ACTION_UP): 0:(831.56494,1327.8082)
Sleeping for 0 milliseconds
:Sending Key (ACTION_DOWN): 20    // KEYCODE_DPAD_DOWN
:Sending Key (ACTION_UP): 20    // KEYCODE_DPAD_DOWN
Sleeping for 0 milliseconds
:Sending Touch (ACTION_DOWN): 0:(444.0,1779.0)
:Sending Touch (ACTION_UP): 0:(447.7096,1779.5969)
Sleeping for 0 milliseconds
:Sending Touch (ACTION_DOWN): 0:(234.0,1319.0)
:Sending Touch (ACTION_UP): 0:(233.81877,1309.5922)
Sleeping for 0 milliseconds
:Sending Touch (ACTION_DOWN): 0:(281.0,1307.0)
:Sending Touch (ACTION_UP): 0:(279.36154,1312.0436)
Sleeping for 0 milliseconds
:Sending Key (ACTION_DOWN): 113    // KEYCODE_CTRL_LEFT
:Sending Key (ACTION_UP): 113    // KEYCODE_CTRL_LEFT
Sleeping for 0 milliseconds
:Sending Touch (ACTION_DOWN): 0:(46.0,1122.0)
:Sending Touch (ACTION_UP): 0:(55.03012,1118.6564)
Sleeping for 0 milliseconds
:Sending Touch (ACTION_DOWN): 0:(525.0,1790.0)
:Sending Touch (ACTION_UP): 0:(529.17145,1784.3539)
Sleeping for 0 milliseconds
:Sending Touch (ACTION_DOWN): 0:(296.0,672.0)
:Sending Touch (ACTION_UP): 0:(288.48615,667.1848)
Sleeping for 0 milliseconds
:Sending Touch (ACTION_DOWN): 0:(927.0,1692.0)
:Sending Touch (ACTION_UP): 0:(933.24097,1692.0641)
Sleeping for 0 milliseconds
:Sending Touch (ACTION_DOWN): 0:(305.0,1735.0)
:Sending Touch (ACTION_UP): 0:(304.77594,1735.53)
Sleeping for 0 milliseconds
:Sending Touch (ACTION_DOWN): 0:(808.0,1110.0)
:Sending Touch (ACTION_UP): 0:(811.4816,1114.456)
Sleeping for 0 milliseconds
:Sending Touch (ACTION_DOWN): 0:(189.0,312.0)
:Sending Touch (ACTION_UP): 0:(173.32475,310.88846)
Sleeping for 0 milliseconds
:Sending Touch (ACTION_DOWN): 0:(370.0,112.0)
:Sending Touch (ACTION_UP): 0:(357.26273,111.45812)
Sleeping for 0 milliseconds
:Sending Key (ACTION_DOWN): 19    // KEYCODE_DPAD_UP
:Sending Key (ACTION_UP): 19    // KEYCODE_DPAD_UP
Sleeping for 0 milliseconds
:Sending Touch (ACTION_DOWN): 0:(170.0,1283.0)
:Sending Touch (ACTION_UP): 0:(165.12198,1282.2477)
Sleeping for 0 milliseconds
:Sending Key (ACTION_DOWN): 351    // 351
:Sending Key (ACTION_UP): 351    // 351
Sleeping for 0 milliseconds
:Sending Touch (ACTION_DOWN): 0:(562.0,1821.0)
:Sending Touch (ACTION_UP): 0:(564.79675,1821.2388)
Sleeping for 0 milliseconds
:Sending Key (ACTION_DOWN): 20    // KEYCODE_DPAD_DOWN
:Sending Key (ACTION_UP): 20    // KEYCODE_DPAD_DOWN
Sleeping for 0 milliseconds
:Sending Key (ACTION_DOWN): 19    // KEYCODE_DPAD_UP
:Sending Key (ACTION_UP): 19    // KEYCODE_DPAD_UP
Sleeping for 0 milliseconds
:Sending Touch (ACTION_DOWN): 0:(415.0,1036.0)
:Sending Touch (ACTION_UP): 0:(415.3121,1038.0321)
Sleeping for 0 milliseconds
:Sending Key (ACTION_DOWN): 19    // KEYCODE_DPAD_UP
:Sending Key (ACTION_UP): 19    // KEYCODE_DPAD_UP
Sleeping for 0 milliseconds
:Sending Touch (ACTION_DOWN): 0:(424.0,121.0)
:Sending Touch (ACTION_MOVE): 0:(420.1818,116.77549)
:Sending Touch (ACTION_MOVE): 0:(417.8291,115.358444)
:Sending Touch (ACTION_MOVE): 0:(413.4253,109.837494)
:Sending Touch (ACTION_MOVE): 0:(404.29785,104.79552)
:Sending Touch (ACTION_MOVE): 0:(400.54263,101.35279)
:Sending Touch (ACTION_MOVE): 0:(389.30402,98.92942)
:Sending Touch (ACTION_UP): 0:(388.38245,93.963974)
Sleeping for 0 milliseconds
:Sending Touch (ACTION_DOWN): 0:(95.0,1819.0)
:Sending Touch (ACTION_UP): 0:(86.12355,1817.635)
Sleeping for 0 milliseconds
:Sending Touch (ACTION_DOWN): 0:(724.0,338.0)
:Sending Touch (ACTION_UP): 0:(727.95856,350.9308)
Sleeping for 0 milliseconds
:Sending Trackball (ACTION_MOVE): 0:(-5.0,-1.0)
:Sending Trackball (ACTION_MOVE): 0:(4.0,-3.0)
    //[calendar_time:2023-05-09 16:59:55.069  system_uptime:322520582]
    // Sending event #300
:Sending Trackball (ACTION_MOVE): 0:(-4.0,2.0)
:Sending Trackball (ACTION_MOVE): 0:(1.0,4.0)
:Sending Trackball (ACTION_MOVE): 0:(-3.0,2.0)
:Sending Trackball (ACTION_MOVE): 0:(-5.0,2.0)
:Sending Trackball (ACTION_MOVE): 0:(-3.0,2.0)
:Sending Trackball (ACTION_MOVE): 0:(0.0,-3.0)
:Sending Trackball (ACTION_MOVE): 0:(4.0,-2.0)
:Sending Trackball (ACTION_MOVE): 0:(0.0,-4.0)
:Sending Touch (ACTION_DOWN): 0:(37.0,923.0)
:Sending Touch (ACTION_UP): 0:(42.40643,918.84467)
Sleeping for 0 milliseconds
:Sending Touch (ACTION_DOWN): 0:(739.0,632.0)
:Sending Touch (ACTION_UP): 0:(739.68524,631.6689)
Sleeping for 0 milliseconds
:Sending Touch (ACTION_DOWN): 0:(40.0,1679.0)
:Sending Touch (ACTION_UP): 0:(33.25872,1680.1471)
Sleeping for 0 milliseconds
:Sending Touch (ACTION_DOWN): 0:(161.0,1435.0)
:Sending Touch (ACTION_UP): 0:(139.26279,1427.8888)
Sleeping for 0 milliseconds
:Sending Touch (ACTION_DOWN): 0:(1001.0,1571.0)
:Sending Touch (ACTION_UP): 0:(1002.7781,1564.0302)
Sleeping for 0 milliseconds
:Sending Touch (ACTION_DOWN): 0:(708.0,1564.0)
:Sending Touch (ACTION_UP): 0:(717.4806,1563.8253)
Sleeping for 0 milliseconds
:Sending Touch (ACTION_DOWN): 0:(581.0,206.0)
:Sending Touch (ACTION_UP): 0:(589.53577,201.02692)
Sleeping for 0 milliseconds
:Sending Touch (ACTION_DOWN): 0:(16.0,887.0)
:Sending Touch (ACTION_UP): 0:(10.199974,885.13763)
Sleeping for 0 milliseconds
:Sending Touch (ACTION_DOWN): 0:(969.0,1144.0)
:Sending Touch (ACTION_UP): 0:(968.5918,1138.7577)
Sleeping for 0 milliseconds
:Sending Touch (ACTION_DOWN): 0:(192.0,383.0)
:Sending Touch (ACTION_UP): 0:(201.95747,398.349)
Sleeping for 0 milliseconds
:Sending Touch (ACTION_DOWN): 0:(371.0,1364.0)
:Sending Touch (ACTION_MOVE): 0:(372.69473,1359.8306)
:Sending Touch (ACTION_MOVE): 0:(385.78268,1358.8512)
:Sending Touch (ACTION_MOVE): 0:(395.56842,1358.2871)
:Sending Touch (ACTION_MOVE): 0:(399.17154,1354.2036)
:Sending Touch (ACTION_MOVE): 0:(401.56857,1351.5691)
:Sending Touch (ACTION_MOVE): 0:(414.5541,1348.775)
:Sending Touch (ACTION_UP): 0:(422.94452,1348.3612)
Sleeping for 0 milliseconds
:Sending Key (ACTION_DOWN): 23    // KEYCODE_DPAD_CENTER
:Sending Key (ACTION_UP): 23    // KEYCODE_DPAD_CENTER
Sleeping for 0 milliseconds
:Sending Touch (ACTION_DOWN): 0:(1074.0,1214.0)
:Sending Touch (ACTION_MOVE): 0:(1077.8993,1214.356)
:Sending Touch (ACTION_UP): 0:(1080.0,1215.0582)
Sleeping for 0 milliseconds
:Sending Key (ACTION_DOWN): 246    // KEYCODE_TV_INPUT_HDMI_4
:Sending Key (ACTION_UP): 246    // KEYCODE_TV_INPUT_HDMI_4
Sleeping for 0 milliseconds
:Sending Touch (ACTION_DOWN): 0:(350.0,534.0)
:Sending Touch (ACTION_UP): 0:(334.2359,546.7109)
Sleeping for 0 milliseconds
:Sending Touch (ACTION_DOWN): 0:(366.0,313.0)
:Sending Touch (ACTION_UP): 0:(354.82767,294.17795)
Sleeping for 0 milliseconds
:Sending Touch (ACTION_DOWN): 0:(79.0,1309.0)
:Sending Touch (ACTION_UP): 0:(80.75783,1300.247)
Sleeping for 0 milliseconds
:Sending Touch (ACTION_DOWN): 0:(568.0,1350.0)
:Sending Touch (ACTION_UP): 0:(560.5051,1354.8164)
Sleeping for 0 milliseconds
:Sending Touch (ACTION_DOWN): 0:(298.0,346.0)
:Sending Touch (ACTION_UP): 0:(319.99612,344.61783)
Sleeping for 0 milliseconds
:Sending Touch (ACTION_DOWN): 0:(175.0,22.0)
:Sending Touch (ACTION_UP): 0:(192.24199,22.501385)
Sleeping for 0 milliseconds
:Sending Touch (ACTION_DOWN): 0:(39.0,463.0)
:Sending Touch (ACTION_UP): 0:(41.691914,467.1512)
Sleeping for 0 milliseconds
:Sending Touch (ACTION_DOWN): 0:(676.0,1139.0)
:Sending Touch (ACTION_UP): 0:(675.1136,1142.5546)
Sleeping for 0 milliseconds
:Sending Touch (ACTION_DOWN): 0:(415.0,452.0)
:Sending Touch (ACTION_UP): 0:(417.6499,452.79648)
Sleeping for 0 milliseconds
:Sending Key (ACTION_DOWN): 646    // 646
:Sending Key (ACTION_UP): 646    // 646
Sleeping for 0 milliseconds
:Sending Touch (ACTION_DOWN): 0:(1039.0,138.0)
:Sending Touch (ACTION_UP): 0:(1031.9183,152.2083)
Sleeping for 0 milliseconds
:Sending Touch (ACTION_DOWN): 0:(1076.0,120.0)
:Sending Touch (ACTION_UP): 0:(1074.0045,125.92016)
Sleeping for 0 milliseconds
:Sending Touch (ACTION_DOWN): 0:(801.0,875.0)
:Sending Touch (ACTION_UP): 0:(804.7942,880.8838)
Sleeping for 0 milliseconds
:Sending Touch (ACTION_DOWN): 0:(717.0,981.0)
:Sending Touch (ACTION_UP): 0:(701.1188,985.9194)
Sleeping for 0 milliseconds
:Sending Touch (ACTION_DOWN): 0:(323.0,1697.0)
:Sending Touch (ACTION_UP): 0:(332.30865,1694.1538)
Sleeping for 0 milliseconds
:Sending Touch (ACTION_DOWN): 0:(279.0,1289.0)
:Sending Touch (ACTION_UP): 0:(272.23013,1292.7865)
Sleeping for 0 milliseconds
:Sending Key (ACTION_DOWN): 19    // KEYCODE_DPAD_UP
:Sending Key (ACTION_UP): 19    // KEYCODE_DPAD_UP
Sleeping for 0 milliseconds
:Sending Touch (ACTION_DOWN): 0:(226.0,453.0)
:Sending Touch (ACTION_UP): 0:(217.51727,444.46005)
Sleeping for 0 milliseconds
:Sending Touch (ACTION_DOWN): 0:(652.0,1167.0)
:Sending Touch (ACTION_UP): 0:(652.3105,1183.2714)
Sleeping for 0 milliseconds
:Sending Touch (ACTION_DOWN): 0:(711.0,694.0)
:Sending Touch (ACTION_UP): 0:(719.8567,697.5854)
Sleeping for 0 milliseconds
:Sending Key (ACTION_DOWN): 21    // KEYCODE_DPAD_LEFT
:Sending Key (ACTION_UP): 21    // KEYCODE_DPAD_LEFT
Sleeping for 0 milliseconds
:Sending Key (ACTION_DOWN): 21    // KEYCODE_DPAD_LEFT
:Sending Key (ACTION_UP): 21    // KEYCODE_DPAD_LEFT
Sleeping for 0 milliseconds
:Sending Key (ACTION_DOWN): 33    // KEYCODE_E
:Sending Key (ACTION_UP): 33    // KEYCODE_E
Sleeping for 0 milliseconds
:Sending Touch (ACTION_DOWN): 0:(85.0,529.0)
:Sending Touch (ACTION_UP): 0:(79.19438,528.9234)
Sleeping for 0 milliseconds
:Sending Touch (ACTION_DOWN): 0:(522.0,1792.0)
:Sending Touch (ACTION_UP): 0:(519.35645,1785.7345)
Sleeping for 0 milliseconds
:Sending Touch (ACTION_DOWN): 0:(730.0,1797.0)
:Sending Touch (ACTION_UP): 0:(739.1767,1802.2773)
Sleeping for 0 milliseconds
:Sending Touch (ACTION_DOWN): 0:(954.0,155.0)
:Sending Touch (ACTION_UP): 0:(953.3001,141.78334)
Sleeping for 0 milliseconds
:Sending Touch (ACTION_DOWN): 0:(1007.0,832.0)
:Sending Touch (ACTION_UP): 0:(1004.9696,825.84985)
Sleeping for 0 milliseconds
:Sending Touch (ACTION_DOWN): 0:(945.0,952.0)
    //[calendar_time:2023-05-09 16:59:55.195  system_uptime:322520709]
    // Sending event #400
:Sending Touch (ACTION_UP): 0:(952.62805,965.3479)
Sleeping for 0 milliseconds
:Sending Key (ACTION_DOWN): 82    // KEYCODE_MENU
:Sending Key (ACTION_UP): 82    // KEYCODE_MENU
Sleeping for 0 milliseconds
:Sending Touch (ACTION_DOWN): 0:(116.0,436.0)
:Sending Touch (ACTION_UP): 0:(109.07281,417.6156)
Sleeping for 0 milliseconds
:Sending Touch (ACTION_DOWN): 0:(15.0,7.0)
:Sending Touch (ACTION_UP): 0:(10.07954,22.550816)
Sleeping for 0 milliseconds
:Sending Touch (ACTION_DOWN): 0:(14.0,342.0)
:Sending Touch (ACTION_UP): 0:(18.09047,357.36508)
Sleeping for 0 milliseconds
:Sending Touch (ACTION_DOWN): 0:(59.0,1035.0)
:Sending Touch (ACTION_MOVE): 0:(70.58877,1030.7881)
:Sending Touch (ACTION_MOVE): 0:(71.80054,1024.47)
:Sending Touch (ACTION_MOVE): 0:(92.142426,1023.13763)
:Sending Touch (ACTION_MOVE): 0:(96.535164,1019.3267)
:Sending Touch (ACTION_MOVE): 0:(113.35379,1016.8527)
:Sending Touch (ACTION_MOVE): 0:(115.27223,1015.6875)
:Sending Touch (ACTION_MOVE): 0:(130.08755,1015.3677)
:Sending Touch (ACTION_UP): 0:(146.18268,1011.55457)
Sleeping for 0 milliseconds
:Sending Key (ACTION_DOWN): 23    // KEYCODE_DPAD_CENTER
:Sending Key (ACTION_UP): 23    // KEYCODE_DPAD_CENTER
Sleeping for 0 milliseconds
:Sending Touch (ACTION_DOWN): 0:(1001.0,1644.0)
:Sending Touch (ACTION_UP): 0:(993.3733,1654.4316)
Sleeping for 0 milliseconds
:Sending Touch (ACTION_DOWN): 0:(602.0,558.0)
:Sending Touch (ACTION_UP): 0:(618.1066,548.3672)
Sleeping for 0 milliseconds
:Sending Touch (ACTION_DOWN): 0:(11.0,489.0)
:Sending Touch (ACTION_UP): 0:(3.5724473,485.12094)
Sleeping for 0 milliseconds
:Sending Touch (ACTION_DOWN): 0:(429.0,1583.0)
:Sending Touch (ACTION_UP): 0:(422.62457,1590.8326)
Sleeping for 0 milliseconds
:Sending Touch (ACTION_DOWN): 0:(851.0,13.0)
:Sending Touch (ACTION_UP): 0:(851.06683,0.0)
Sleeping for 0 milliseconds
:Sending Touch (ACTION_DOWN): 0:(215.0,1369.0)
:Sending Touch (ACTION_UP): 0:(216.01364,1366.4279)
Sleeping for 0 milliseconds
:Sending Touch (ACTION_DOWN): 0:(428.0,1572.0)
:Sending Touch (ACTION_UP): 0:(419.08246,1560.7163)
Sleeping for 0 milliseconds
:Sending Touch (ACTION_DOWN): 0:(766.0,1680.0)
:Sending Touch (ACTION_UP): 0:(779.83453,1674.3524)
Sleeping for 0 milliseconds
:Sending Touch (ACTION_DOWN): 0:(1011.0,1688.0)
:Sending Touch (ACTION_UP): 0:(1008.7267,1694.0278)
Sleeping for 0 milliseconds
:Sending Touch (ACTION_DOWN): 0:(624.0,712.0)
:Sending Touch (ACTION_UP): 0:(625.74506,712.13306)
Sleeping for 0 milliseconds
:Sending Touch (ACTION_DOWN): 0:(391.0,537.0)
:Sending Touch (ACTION_UP): 0:(379.70633,527.2311)
Sleeping for 0 milliseconds
:Sending Touch (ACTION_DOWN): 0:(930.0,1465.0)
:Sending Touch (ACTION_UP): 0:(944.6868,1455.329)
Sleeping for 0 milliseconds
:Sending Touch (ACTION_DOWN): 0:(1011.0,1584.0)
:Sending Touch (ACTION_UP): 0:(1004.2304,1582.8383)
Sleeping for 0 milliseconds
:Sending Touch (ACTION_DOWN): 0:(583.0,156.0)
:Sending Touch (ACTION_UP): 0:(571.88824,163.44391)
Sleeping for 0 milliseconds
:Sending Touch (ACTION_DOWN): 0:(192.0,330.0)
:Sending Touch (ACTION_UP): 0:(204.83894,322.13727)
Sleeping for 0 milliseconds
:Sending Touch (ACTION_DOWN): 0:(572.0,932.0)
:Sending Touch (ACTION_UP): 0:(571.158,936.2743)
Sleeping for 0 milliseconds
:Sending Touch (ACTION_DOWN): 0:(494.0,49.0)
:Sending Touch (ACTION_UP): 0:(509.1981,58.630627)
Sleeping for 0 milliseconds
:Sending Trackball (ACTION_MOVE): 0:(-2.0,0.0)
:Sending Trackball (ACTION_MOVE): 0:(2.0,3.0)
:Sending Trackball (ACTION_MOVE): 0:(4.0,1.0)
:Sending Trackball (ACTION_MOVE): 0:(-2.0,2.0)
:Sending Trackball (ACTION_MOVE): 0:(-3.0,-1.0)
:Sending Trackball (ACTION_MOVE): 0:(2.0,2.0)
:Sending Trackball (ACTION_MOVE): 0:(1.0,3.0)
:Sending Trackball (ACTION_MOVE): 0:(-5.0,-5.0)
:Sending Trackball (ACTION_MOVE): 0:(3.0,-4.0)
:Sending Trackball (ACTION_MOVE): 0:(-2.0,-1.0)
:Sending Trackball (ACTION_DOWN): 0:(0.0,0.0)
:Sending Trackball (ACTION_UP): 0:(0.0,0.0)
Sleeping for 0 milliseconds
:Sending Touch (ACTION_DOWN): 0:(462.0,1764.0)
:Sending Touch (ACTION_UP): 0:(461.91052,1764.2518)
Sleeping for 0 milliseconds
:Sending Touch (ACTION_DOWN): 0:(731.0,1558.0)
:Sending Touch (ACTION_UP): 0:(730.20605,1556.2385)
Sleeping for 0 milliseconds
:Sending Touch (ACTION_DOWN): 0:(678.0,695.0)
:Sending Touch (ACTION_UP): 0:(689.7017,688.58234)
Sleeping for 0 milliseconds
:Sending Touch (ACTION_DOWN): 0:(368.0,973.0)
:Sending Touch (ACTION_UP): 0:(370.92007,973.5112)
Sleeping for 0 milliseconds
:Sending Touch (ACTION_DOWN): 0:(615.0,492.0)
:Sending Touch (ACTION_UP): 0:(624.70953,493.2552)
Sleeping for 0 milliseconds
:Sending Touch (ACTION_DOWN): 0:(733.0,644.0)
:Sending Touch (ACTION_UP): 0:(726.97504,644.5269)
Sleeping for 0 milliseconds
:Sending Touch (ACTION_DOWN): 0:(734.0,1700.0)
:Sending Touch (ACTION_UP): 0:(732.2731,1691.5574)
Sleeping for 0 milliseconds
:Sending Key (ACTION_DOWN): 23    // KEYCODE_DPAD_CENTER
:Sending Key (ACTION_UP): 23    // KEYCODE_DPAD_CENTER
Sleeping for 0 milliseconds
:Sending Touch (ACTION_DOWN): 0:(972.0,1501.0)
:Sending Touch (ACTION_POINTER_DOWN 1): 0:(970.9711,1490.0078) 1:(543.0,876.0)
:Sending Touch (ACTION_MOVE): 0:(965.52594,1488.3242) 1:(543.1966,858.0457)
:Sending Touch (ACTION_MOVE): 0:(948.65186,1477.5071) 1:(550.0189,839.73737)
:Sending Touch (ACTION_MOVE): 0:(943.74115,1467.2697) 1:(551.98706,822.3895)
:Sending Touch (ACTION_MOVE): 0:(923.14813,1463.0356) 1:(552.65656,809.78815)
:Sending Touch (ACTION_MOVE): 0:(912.0862,1462.5521) 1:(563.33514,805.1867)
:Sending Touch (ACTION_MOVE): 0:(893.3778,1461.7092) 1:(565.3173,800.2631)
:Sending Touch (ACTION_POINTER_UP 1): 0:(884.44617,1449.0872) 1:(568.18616,792.2486)
:Sending Touch (ACTION_UP): 0:(880.78735,1447.5403)
Sleeping for 0 milliseconds
:Sending Touch (ACTION_DOWN): 0:(759.0,626.0)
:Sending Touch (ACTION_UP): 0:(774.3129,610.8341)
Sleeping for 0 milliseconds
:Sending Touch (ACTION_DOWN): 0:(1042.0,368.0)
:Sending Touch (ACTION_UP): 0:(1055.6531,351.5571)
Sleeping for 0 milliseconds
:Sending Touch (ACTION_DOWN): 0:(242.0,1132.0)
:Sending Touch (ACTION_UP): 0:(242.02345,1144.0234)
Sleeping for 0 milliseconds
:Sending Touch (ACTION_DOWN): 0:(828.0,720.0)
:Sending Touch (ACTION_UP): 0:(826.58514,721.2092)
    //[calendar_time:2023-05-09 16:59:55.321  system_uptime:322520835]
    // Sending event #500
Sleeping for 0 milliseconds
    //[calendar_time:2023-05-09 16:59:55.321  system_uptime:322520835]
    // Sending event #500
:Sending Touch (ACTION_DOWN): 0:(872.0,1477.0)
:Sending Touch (ACTION_UP): 0:(868.99634,1460.9396)
Sleeping for 0 milliseconds
:Sending Touch (ACTION_DOWN): 0:(475.0,771.0)
:Sending Touch (ACTION_UP): 0:(475.62964,770.7945)
Sleeping for 0 milliseconds
:Sending Touch (ACTION_DOWN): 0:(369.0,369.0)
:Sending Touch (ACTION_UP): 0:(356.4995,349.61795)
Sleeping for 0 milliseconds
:Sending Touch (ACTION_DOWN): 0:(600.0,1671.0)
:Sending Touch (ACTION_UP): 0:(615.6261,1676.7236)
Sleeping for 0 milliseconds
:Sending Touch (ACTION_DOWN): 0:(1005.0,178.0)
:Sending Touch (ACTION_UP): 0:(1014.83746,176.54135)
Sleeping for 0 milliseconds
:Sending Touch (ACTION_DOWN): 0:(285.0,642.0)
:Sending Touch (ACTION_UP): 0:(270.084,632.7464)
Sleeping for 0 milliseconds
:Sending Touch (ACTION_DOWN): 0:(410.0,1378.0)
:Sending Touch (ACTION_UP): 0:(399.8316,1389.514)
Sleeping for 0 milliseconds
:Sending Key (ACTION_DOWN): 21    // KEYCODE_DPAD_LEFT
:Sending Key (ACTION_UP): 21    // KEYCODE_DPAD_LEFT
Sleeping for 0 milliseconds
:Sending Key (ACTION_DOWN): 82    // KEYCODE_MENU
:Sending Key (ACTION_UP): 82    // KEYCODE_MENU
Sleeping for 0 milliseconds
:Sending Touch (ACTION_DOWN): 0:(575.0,1340.0)
:Sending Touch (ACTION_UP): 0:(589.3953,1340.4653)
Sleeping for 0 milliseconds
:Sending Key (ACTION_DOWN): 25    // KEYCODE_VOLUME_DOWN
    // Rejecting start of Intent { act=android.settings.SETTINGS cmp=com.android.settings/.HWSettings } in package com.android.settings
    // Rejecting start of Intent { cmp=com.android.deskclock/.AlarmsMainActivity } in package com.android.deskclock
    // Rejecting start of Intent { act=android.deviceinfo.chooser.action.LAUNCH pkg=com.android.settings cmp=com.android.settings/.deviceinfo.UsbConnModeChooserActivity } in package com.android.settings
:Sending Key (ACTION_UP): 25    // KEYCODE_VOLUME_DOWN
Sleeping for 0 milliseconds
:Sending Trackball (ACTION_MOVE): 0:(0.0,-1.0)
:Sending Trackball (ACTION_MOVE): 0:(-5.0,-3.0)
:Sending Trackball (ACTION_MOVE): 0:(-3.0,-3.0)
:Sending Trackball (ACTION_MOVE): 0:(1.0,-3.0)
:Sending Trackball (ACTION_MOVE): 0:(1.0,1.0)
:Sending Trackball (ACTION_MOVE): 0:(-2.0,4.0)
:Sending Trackball (ACTION_MOVE): 0:(2.0,2.0)
:Sending Trackball (ACTION_MOVE): 0:(-4.0,4.0)
:Sending Trackball (ACTION_MOVE): 0:(-2.0,-5.0)
:Sending Trackball (ACTION_MOVE): 0:(2.0,-3.0)
:Sending Touch (ACTION_DOWN): 0:(939.0,838.0)
:Sending Touch (ACTION_UP): 0:(937.7132,839.2694)
Sleeping for 0 milliseconds
:Sending Touch (ACTION_DOWN): 0:(798.0,154.0)
:Sending Touch (ACTION_UP): 0:(786.43665,154.59566)
Sleeping for 0 milliseconds
:Sending Touch (ACTION_DOWN): 0:(988.0,539.0)
:Sending Touch (ACTION_UP): 0:(994.81055,544.18317)
Sleeping for 0 milliseconds
:Sending Touch (ACTION_DOWN): 0:(633.0,1140.0)
:Sending Touch (ACTION_UP): 0:(630.7307,1137.9425)
Sleeping for 0 milliseconds
:Sending Key (ACTION_DOWN): 215    // KEYCODE_KATAKANA_HIRAGANA
:Sending Key (ACTION_UP): 215    // KEYCODE_KATAKANA_HIRAGANA
Sleeping for 0 milliseconds
:Sending Touch (ACTION_DOWN): 0:(1079.0,1517.0)
:Sending Touch (ACTION_UP): 0:(1079.602,1500.3777)
Sleeping for 0 milliseconds
:Sending Touch (ACTION_DOWN): 0:(495.0,1368.0)
:Sending Touch (ACTION_UP): 0:(501.699,1372.7214)
Sleeping for 0 milliseconds
:Sending Touch (ACTION_DOWN): 0:(572.0,1533.0)
:Sending Touch (ACTION_UP): 0:(574.52203,1541.8661)
Sleeping for 0 milliseconds
:Sending Touch (ACTION_DOWN): 0:(530.0,877.0)
:Sending Touch (ACTION_UP): 0:(529.0893,861.35846)
Sleeping for 0 milliseconds
:Sending Touch (ACTION_DOWN): 0:(176.0,1237.0)
:Sending Touch (ACTION_UP): 0:(173.55917,1242.8247)
Sleeping for 0 milliseconds
:Sending Touch (ACTION_DOWN): 0:(935.0,440.0)
:Sending Touch (ACTION_UP): 0:(944.1807,454.1949)
Sleeping for 0 milliseconds
:Sending Touch (ACTION_DOWN): 0:(925.0,1136.0)
:Sending Touch (ACTION_UP): 0:(917.8563,1131.2347)
Sleeping for 0 milliseconds
:Sending Touch (ACTION_DOWN): 0:(484.0,340.0)
:Sending Touch (ACTION_UP): 0:(484.99344,331.64313)
Sleeping for 0 milliseconds
:Sending Touch (ACTION_DOWN): 0:(180.0,786.0)
:Sending Touch (ACTION_UP): 0:(197.12,799.5637)
Sleeping for 0 milliseconds
:Sending Key (ACTION_DOWN): 19    // KEYCODE_DPAD_UP
:Sending Key (ACTION_UP): 19    // KEYCODE_DPAD_UP
Sleeping for 0 milliseconds
:Sending Touch (ACTION_DOWN): 0:(700.0,1463.0)
:Sending Touch (ACTION_UP): 0:(682.3288,1466.2332)
Sleeping for 0 milliseconds
:Sending Touch (ACTION_DOWN): 0:(473.0,1001.0)
:Sending Touch (ACTION_UP): 0:(457.55615,1002.7929)
Sleeping for 0 milliseconds
:Sending Touch (ACTION_DOWN): 0:(679.0,203.0)
:Sending Touch (ACTION_UP): 0:(677.7302,216.16283)
Sleeping for 0 milliseconds
:Sending Touch (ACTION_DOWN): 0:(426.0,975.0)
:Sending Touch (ACTION_UP): 0:(422.49832,974.8901)
Sleeping for 0 milliseconds
:Sending Touch (ACTION_DOWN): 0:(730.0,1650.0)
:Sending Touch (ACTION_UP): 0:(734.0287,1653.6763)
Sleeping for 0 milliseconds
:Sending Trackball (ACTION_MOVE): 0:(-3.0,0.0)
:Sending Trackball (ACTION_MOVE): 0:(3.0,-2.0)
:Sending Trackball (ACTION_MOVE): 0:(4.0,0.0)
:Sending Trackball (ACTION_MOVE): 0:(2.0,-2.0)
:Sending Trackball (ACTION_MOVE): 0:(-3.0,1.0)
:Sending Trackball (ACTION_MOVE): 0:(-3.0,4.0)
:Sending Trackball (ACTION_MOVE): 0:(-2.0,3.0)
:Sending Trackball (ACTION_MOVE): 0:(-5.0,-3.0)
:Sending Trackball (ACTION_MOVE): 0:(-2.0,4.0)
:Sending Trackball (ACTION_MOVE): 0:(2.0,3.0)
:Sending Touch (ACTION_DOWN): 0:(586.0,712.0)
:Sending Touch (ACTION_UP): 0:(589.9945,705.9099)
Sleeping for 0 milliseconds
:Sending Touch (ACTION_DOWN): 0:(1041.0,1606.0)
:Sending Touch (ACTION_UP): 0:(1043.328,1605.9944)
Sleeping for 0 milliseconds
:Sending Touch (ACTION_DOWN): 0:(178.0,422.0)
:Sending Touch (ACTION_MOVE): 0:(169.50131,412.72873)
:Sending Touch (ACTION_MOVE): 0:(160.8528,409.88977)
:Sending Touch (ACTION_MOVE): 0:(159.9279,395.70966)
:Sending Touch (ACTION_MOVE): 0:(159.4259,383.43558)
:Sending Touch (ACTION_MOVE): 0:(147.15019,369.29895)
:Sending Touch (ACTION_MOVE): 0:(140.07048,358.20944)
:Sending Touch (ACTION_MOVE): 0:(132.60251,341.8006)
:Sending Touch (ACTION_MOVE): 0:(126.11598,332.89694)
:Sending Touch (ACTION_MOVE): 0:(124.74851,327.2544)
:Sending Touch (ACTION_UP): 0:(118.207954,318.1953)
Sleeping for 0 milliseconds
:Sending Touch (ACTION_DOWN): 0:(812.0,1719.0)
:Sending Touch (ACTION_UP): 0:(817.0772,1713.7175)
Sleeping for 0 milliseconds
:Sending Touch (ACTION_DOWN): 0:(107.0,29.0)
    //[calendar_time:2023-05-09 16:59:56.020  system_uptime:322521534]
    // Sending event #600
:Sending Touch (ACTION_UP): 0:(106.96582,33.800793)
Sleeping for 0 milliseconds
:Sending Touch (ACTION_DOWN): 0:(408.0,243.0)
:Sending Touch (ACTION_UP): 0:(395.93365,239.40588)
Sleeping for 0 milliseconds
:Sending Key (ACTION_DOWN): 21    // KEYCODE_DPAD_LEFT
:Sending Key (ACTION_UP): 21    // KEYCODE_DPAD_LEFT
Sleeping for 0 milliseconds
:Sending Touch (ACTION_DOWN): 0:(512.0,105.0)
:Sending Touch (ACTION_UP): 0:(504.94995,104.81721)
Sleeping for 0 milliseconds
:Sending Key (ACTION_DOWN): 559    // 559
:Sending Key (ACTION_UP): 559    // 559
Sleeping for 0 milliseconds
:Sending Touch (ACTION_DOWN): 0:(498.0,1156.0)
:Sending Touch (ACTION_UP): 0:(483.95514,1170.5015)
Sleeping for 0 milliseconds
:Sending Touch (ACTION_DOWN): 0:(940.0,1069.0)
:Sending Touch (ACTION_UP): 0:(950.71423,1068.1177)
Sleeping for 0 milliseconds
:Sending Touch (ACTION_DOWN): 0:(925.0,1192.0)
:Sending Touch (ACTION_UP): 0:(920.0312,1195.1143)
Sleeping for 0 milliseconds
:Sending Touch (ACTION_DOWN): 0:(538.0,500.0)
:Sending Touch (ACTION_UP): 0:(548.99664,494.61987)
Sleeping for 0 milliseconds
:Sending Touch (ACTION_DOWN): 0:(503.0,191.0)
:Sending Touch (ACTION_UP): 0:(512.9185,205.43608)
Sleeping for 0 milliseconds
:Sending Touch (ACTION_DOWN): 0:(1079.0,897.0)
:Sending Touch (ACTION_UP): 0:(1079.9343,899.6182)
Sleeping for 0 milliseconds
:Sending Touch (ACTION_DOWN): 0:(224.0,353.0)
:Sending Touch (ACTION_UP): 0:(207.51352,345.3682)
Sleeping for 0 milliseconds
:Sending Touch (ACTION_DOWN): 0:(333.0,1423.0)
:Sending Touch (ACTION_UP): 0:(323.19693,1423.0502)
Sleeping for 0 milliseconds
:Sending Touch (ACTION_DOWN): 0:(815.0,155.0)
:Sending Touch (ACTION_UP): 0:(816.95026,153.47112)
Sleeping for 0 milliseconds
:Sending Touch (ACTION_DOWN): 0:(666.0,673.0)
:Sending Touch (ACTION_UP): 0:(660.61975,673.45593)
Sleeping for 0 milliseconds
:Sending Touch (ACTION_DOWN): 0:(1008.0,1145.0)
:Sending Touch (ACTION_UP): 0:(1012.102,1158.1685)
Sleeping for 0 milliseconds
:Sending Touch (ACTION_DOWN): 0:(752.0,1597.0)
:Sending Touch (ACTION_UP): 0:(751.4697,1592.853)
Sleeping for 0 milliseconds
:Sending Touch (ACTION_DOWN): 0:(796.0,1300.0)
:Sending Touch (ACTION_UP): 0:(798.0981,1311.6697)
Sleeping for 0 milliseconds
:Sending Touch (ACTION_DOWN): 0:(1039.0,336.0)
:Sending Touch (ACTION_UP): 0:(1043.4082,336.29276)
Sleeping for 0 milliseconds
:Sending Touch (ACTION_DOWN): 0:(138.0,1348.0)
:Sending Touch (ACTION_UP): 0:(138.89189,1330.3456)
Sleeping for 0 milliseconds
:Sending Touch (ACTION_DOWN): 0:(117.0,266.0)
:Sending Touch (ACTION_UP): 0:(119.637886,264.95996)
Sleeping for 0 milliseconds
:Sending Touch (ACTION_DOWN): 0:(437.0,244.0)
:Sending Touch (ACTION_UP): 0:(428.72937,226.12572)
Sleeping for 0 milliseconds
:Sending Touch (ACTION_DOWN): 0:(839.0,758.0)
:Sending Touch (ACTION_UP): 0:(837.4455,757.07404)
Sleeping for 0 milliseconds
:Sending Touch (ACTION_DOWN): 0:(625.0,645.0)
:Sending Touch (ACTION_UP): 0:(612.341,644.59406)
Sleeping for 0 milliseconds
:Sending Key (ACTION_DOWN): 82    // KEYCODE_MENU
:Sending Key (ACTION_UP): 82    // KEYCODE_MENU
Sleeping for 0 milliseconds
:Sending Touch (ACTION_DOWN): 0:(325.0,1786.0)
:Sending Touch (ACTION_UP): 0:(318.35132,1776.0067)
Sleeping for 0 milliseconds
:Sending Touch (ACTION_DOWN): 0:(56.0,462.0)
:Sending Touch (ACTION_UP): 0:(58.530136,454.43353)
Sleeping for 0 milliseconds
:Sending Touch (ACTION_DOWN): 0:(129.0,1272.0)
:Sending Touch (ACTION_UP): 0:(134.35156,1273.4901)
Sleeping for 0 milliseconds
:Sending Touch (ACTION_DOWN): 0:(212.0,1493.0)
:Sending Touch (ACTION_UP): 0:(213.83188,1506.9862)
Sleeping for 0 milliseconds
:Sending Touch (ACTION_DOWN): 0:(243.0,31.0)
:Sending Touch (ACTION_UP): 0:(236.20203,22.312817)
Sleeping for 0 milliseconds
:Sending Touch (ACTION_DOWN): 0:(118.0,612.0)
:Sending Touch (ACTION_UP): 0:(131.03558,611.9784)
Sleeping for 0 milliseconds
:Sending Key (ACTION_DOWN): 23    // KEYCODE_DPAD_CENTER
:Sending Key (ACTION_UP): 23    // KEYCODE_DPAD_CENTER
Sleeping for 0 milliseconds
:Sending Touch (ACTION_DOWN): 0:(826.0,1328.0)
:Sending Touch (ACTION_UP): 0:(827.7561,1315.6105)
Sleeping for 0 milliseconds
:Sending Touch (ACTION_DOWN): 0:(243.0,460.0)
:Sending Touch (ACTION_UP): 0:(249.1399,461.40714)
Sleeping for 0 milliseconds
:Sending Touch (ACTION_DOWN): 0:(301.0,1164.0)
:Sending Touch (ACTION_UP): 0:(300.90298,1154.4482)
Sleeping for 0 milliseconds
:Sending Touch (ACTION_DOWN): 0:(250.0,1052.0)
:Sending Touch (ACTION_UP): 0:(248.9122,1046.3839)
Sleeping for 0 milliseconds
:Sending Touch (ACTION_DOWN): 0:(505.0,265.0)
:Sending Touch (ACTION_UP): 0:(497.40347,247.73799)
Sleeping for 0 milliseconds
:Sending Touch (ACTION_DOWN): 0:(551.0,659.0)
:Sending Touch (ACTION_UP): 0:(539.1083,679.8888)
Sleeping for 0 milliseconds
:Sending Touch (ACTION_DOWN): 0:(167.0,994.0)
:Sending Touch (ACTION_UP): 0:(176.28345,991.6742)
Sleeping for 0 milliseconds
:Sending Touch (ACTION_DOWN): 0:(514.0,647.0)
:Sending Touch (ACTION_UP): 0:(495.0267,665.06116)
Sleeping for 0 milliseconds
:Sending Touch (ACTION_DOWN): 0:(993.0,1530.0)
:Sending Touch (ACTION_UP): 0:(993.3582,1535.6803)
Sleeping for 0 milliseconds
:Sending Touch (ACTION_DOWN): 0:(811.0,617.0)
:Sending Touch (ACTION_UP): 0:(791.6267,622.7164)
Sleeping for 0 milliseconds
:Sending Touch (ACTION_DOWN): 0:(467.0,748.0)
:Sending Touch (ACTION_UP): 0:(466.9147,743.3391)
Sleeping for 0 milliseconds
:Sending Touch (ACTION_DOWN): 0:(585.0,387.0)
:Sending Touch (ACTION_UP): 0:(577.47864,383.717)
Sleeping for 0 milliseconds
:Sending Touch (ACTION_DOWN): 0:(713.0,1000.0)
:Sending Touch (ACTION_UP): 0:(706.81714,995.2165)
Sleeping for 0 milliseconds
:Sending Touch (ACTION_DOWN): 0:(936.0,1236.0)
:Sending Touch (ACTION_UP): 0:(949.1703,1246.7446)
Sleeping for 0 milliseconds
:Sending Touch (ACTION_DOWN): 0:(590.0,1558.0)
:Sending Touch (ACTION_UP): 0:(580.3563,1555.3104)
Sleeping for 0 milliseconds
:Sending Touch (ACTION_DOWN): 0:(366.0,797.0)
:Sending Touch (ACTION_UP): 0:(379.33643,797.9549)
Sleeping for 0 milliseconds
:Sending Key (ACTION_DOWN): 23    // KEYCODE_DPAD_CENTER
:Sending Key (ACTION_UP): 23    // KEYCODE_DPAD_CENTER
Sleeping for 0 milliseconds
:Sending Key (ACTION_DOWN): 22    // KEYCODE_DPAD_RIGHT
:Sending Key (ACTION_UP): 22    // KEYCODE_DPAD_RIGHT
Sleeping for 0 milliseconds
:Sending Touch (ACTION_DOWN): 0:(197.0,1150.0)
    //[calendar_time:2023-05-09 16:59:56.325  system_uptime:322521839]
    // Sending event #700
:Sending Touch (ACTION_UP): 0:(207.1443,1152.3217)
Sleeping for 0 milliseconds
:Sending Touch (ACTION_DOWN): 0:(818.0,1096.0)
:Sending Touch (ACTION_UP): 0:(819.0619,1077.1621)
Sleeping for 0 milliseconds
:Sending Touch (ACTION_DOWN): 0:(255.0,756.0)
:Sending Touch (ACTION_UP): 0:(254.39903,761.4241)
Sleeping for 0 milliseconds
:Sending Touch (ACTION_DOWN): 0:(798.0,1768.0)
:Sending Touch (ACTION_UP): 0:(797.562,1771.7097)
Sleeping for 0 milliseconds
:Sending Touch (ACTION_DOWN): 0:(546.0,1048.0)
:Sending Touch (ACTION_UP): 0:(547.92914,1053.9246)
Sleeping for 0 milliseconds
:Sending Touch (ACTION_DOWN): 0:(227.0,7.0)
:Sending Touch (ACTION_UP): 0:(249.31995,5.1443653)
Sleeping for 0 milliseconds
:Sending Touch (ACTION_DOWN): 0:(357.0,1271.0)
:Sending Touch (ACTION_UP): 0:(368.09433,1269.0774)
Sleeping for 0 milliseconds
:Sending Touch (ACTION_DOWN): 0:(1017.0,1677.0)
:Sending Touch (ACTION_UP): 0:(1025.952,1678.1389)
Sleeping for 0 milliseconds
:Sending Touch (ACTION_DOWN): 0:(224.0,461.0)
:Sending Touch (ACTION_UP): 0:(209.20683,479.16046)
Sleeping for 0 milliseconds
:Sending Touch (ACTION_DOWN): 0:(788.0,932.0)
:Sending Touch (ACTION_UP): 0:(788.98083,929.5923)
Sleeping for 0 milliseconds
:Sending Touch (ACTION_DOWN): 0:(428.0,417.0)
:Sending Touch (ACTION_UP): 0:(424.4495,414.65945)
Sleeping for 0 milliseconds
:Sending Touch (ACTION_DOWN): 0:(140.0,1462.0)
:Sending Touch (ACTION_UP): 0:(135.45349,1470.1234)
Sleeping for 0 milliseconds
:Sending Touch (ACTION_DOWN): 0:(239.0,919.0)
:Sending Touch (ACTION_UP): 0:(234.84189,920.71924)
Sleeping for 0 milliseconds
:Sending Touch (ACTION_DOWN): 0:(840.0,1265.0)
:Sending Touch (ACTION_UP): 0:(831.25775,1268.9943)
Sleeping for 0 milliseconds
:Sending Touch (ACTION_DOWN): 0:(931.0,1185.0)
:Sending Touch (ACTION_UP): 0:(938.6156,1190.1375)
Sleeping for 0 milliseconds
:Switch: #Intent;action=android.intent.action.MAIN;category=android.intent.category.LAUNCHER;launchFlags=0x10200000;component=com.google.android.youtube/.app.honeycomb.Shell%24HomeActivity;end
    // Allowing start of Intent { act=android.intent.action.MAIN cat=[android.intent.category.LAUNCHER] cmp=com.google.android.youtube/.app.honeycomb.Shell$HomeActivity } in package com.google.android.youtube
Sleeping for 0 milliseconds
:Sending Touch (ACTION_DOWN): 0:(516.0,1534.0)
:Sending Touch (ACTION_UP): 0:(503.28033,1531.1896)
Sleeping for 0 milliseconds
:Sending Touch (ACTION_DOWN): 0:(727.0,63.0)
:Sending Touch (ACTION_UP): 0:(718.0869,62.37412)
Sleeping for 0 milliseconds
:Sending Touch (ACTION_DOWN): 0:(431.0,167.0)
:Sending Touch (ACTION_UP): 0:(441.98428,170.9575)
Sleeping for 0 milliseconds
:Sending Touch (ACTION_DOWN): 0:(1075.0,414.0)
:Sending Touch (ACTION_UP): 0:(1071.376,409.3894)
Sleeping for 0 milliseconds
:Sending Touch (ACTION_DOWN): 0:(361.0,1722.0)
:Sending Touch (ACTION_UP): 0:(357.95544,1719.234)
Sleeping for 0 milliseconds
:Sending Touch (ACTION_DOWN): 0:(513.0,892.0)
:Sending Touch (ACTION_UP): 0:(516.41425,891.6595)
Sleeping for 0 milliseconds
:Sending Touch (ACTION_DOWN): 0:(411.0,908.0)
:Sending Touch (ACTION_UP): 0:(399.25967,906.8844)
Sleeping for 0 milliseconds
:Sending Touch (ACTION_DOWN): 0:(240.0,1079.0)
:Sending Touch (ACTION_UP): 0:(242.91144,1087.0923)
Sleeping for 0 milliseconds
:Sending Touch (ACTION_DOWN): 0:(469.0,1783.0)
:Sending Touch (ACTION_UP): 0:(457.2197,1771.0073)
Sleeping for 0 milliseconds
:Sending Touch (ACTION_DOWN): 0:(705.0,11.0)
:Sending Touch (ACTION_UP): 0:(711.12854,24.403687)
Sleeping for 0 milliseconds
:Sending Touch (ACTION_DOWN): 0:(753.0,1651.0)
:Sending Touch (ACTION_UP): 0:(737.16174,1648.5317)
Sleeping for 0 milliseconds
:Sending Touch (ACTION_DOWN): 0:(896.0,4.0)
:Sending Touch (ACTION_UP): 0:(902.1213,16.249352)
Sleeping for 0 milliseconds
:Sending Touch (ACTION_DOWN): 0:(109.0,219.0)
:Sending Touch (ACTION_UP): 0:(105.47125,231.39438)
Sleeping for 0 milliseconds
:Sending Touch (ACTION_DOWN): 0:(1025.0,325.0)
:Sending Touch (ACTION_UP): 0:(1018.97943,318.19623)
Sleeping for 0 milliseconds
:Sending Touch (ACTION_DOWN): 0:(1008.0,516.0)
:Sending Touch (ACTION_UP): 0:(998.11896,521.1398)
Sleeping for 0 milliseconds
:Sending Key (ACTION_DOWN): 21    // KEYCODE_DPAD_LEFT
:Sending Key (ACTION_UP): 21    // KEYCODE_DPAD_LEFT
Sleeping for 0 milliseconds
:Sending Touch (ACTION_DOWN): 0:(73.0,1520.0)
:Sending Touch (ACTION_UP): 0:(79.574814,1500.3875)
Sleeping for 0 milliseconds
:Sending Touch (ACTION_DOWN): 0:(74.0,282.0)
:Sending Touch (ACTION_UP): 0:(60.703667,283.50964)
Sleeping for 0 milliseconds
:Sending Key (ACTION_DOWN): 23    // KEYCODE_DPAD_CENTER
:Sending Key (ACTION_UP): 23    // KEYCODE_DPAD_CENTER
Sleeping for 0 milliseconds
:Sending Touch (ACTION_DOWN): 0:(467.0,546.0)
:Sending Touch (ACTION_UP): 0:(469.65906,557.5478)
Sleeping for 0 milliseconds
:Sending Key (ACTION_DOWN): 213    // KEYCODE_MUHENKAN
:Sending Key (ACTION_UP): 213    // KEYCODE_MUHENKAN
Sleeping for 0 milliseconds
:Sending Key (ACTION_DOWN): 82    // KEYCODE_MENU
:Sending Key (ACTION_UP): 82    // KEYCODE_MENU
Sleeping for 0 milliseconds
:Sending Touch (ACTION_DOWN): 0:(535.0,855.0)
:Sending Touch (ACTION_UP): 0:(537.3283,856.2565)
Sleeping for 0 milliseconds
:Sending Touch (ACTION_DOWN): 0:(108.0,21.0)
:Sending Touch (ACTION_UP): 0:(87.6582,12.675424)
Sleeping for 0 milliseconds
:Sending Key (ACTION_DOWN): 23    // KEYCODE_DPAD_CENTER
:Sending Key (ACTION_UP): 23    // KEYCODE_DPAD_CENTER
Sleeping for 0 milliseconds
:Sending Touch (ACTION_DOWN): 0:(241.0,357.0)
:Sending Touch (ACTION_UP): 0:(243.62532,356.2104)
Sleeping for 0 milliseconds
:Sending Touch (ACTION_DOWN): 0:(872.0,805.0)
:Sending Touch (ACTION_UP): 0:(875.05035,802.418)
Sleeping for 0 milliseconds
:Sending Touch (ACTION_DOWN): 0:(1027.0,878.0)
:Sending Touch (ACTION_UP): 0:(1011.25085,876.3295)
Sleeping for 0 milliseconds
:Sending Touch (ACTION_DOWN): 0:(220.0,160.0)
:Sending Touch (ACTION_UP): 0:(212.66794,161.8747)
Sleeping for 0 milliseconds
:Sending Key (ACTION_DOWN): 21    // KEYCODE_DPAD_LEFT
:Sending Key (ACTION_UP): 21    // KEYCODE_DPAD_LEFT
Sleeping for 0 milliseconds
:Sending Touch (ACTION_DOWN): 0:(29.0,1656.0)
:Sending Touch (ACTION_UP): 0:(29.852755,1677.0979)
Sleeping for 0 milliseconds
:Sending Touch (ACTION_DOWN): 0:(80.0,642.0)
:Sending Touch (ACTION_UP): 0:(78.011154,639.5418)
Sleeping for 0 milliseconds
:Sending Touch (ACTION_DOWN): 0:(785.0,1104.0)
:Sending Touch (ACTION_UP): 0:(785.4791,1114.5663)
Sleeping for 0 milliseconds
:Sending Key (ACTION_DOWN): 23    // KEYCODE_DPAD_CENTER
:Sending Key (ACTION_UP): 23    // KEYCODE_DPAD_CENTER
Sleeping for 0 milliseconds
:Sending Touch (ACTION_DOWN): 0:(999.0,270.0)
:Sending Touch (ACTION_UP): 0:(1010.94904,267.66718)
    //[calendar_time:2023-05-09 16:59:56.829  system_uptime:322522342]
    // Sending event #800
Sleeping for 0 milliseconds
    //[calendar_time:2023-05-09 16:59:56.829  system_uptime:322522342]
    // Sending event #800
:Sending Touch (ACTION_DOWN): 0:(384.0,1287.0)
:Sending Touch (ACTION_UP): 0:(386.02042,1295.402)
Sleeping for 0 milliseconds
:Sending Touch (ACTION_DOWN): 0:(950.0,831.0)
:Sending Touch (ACTION_UP): 0:(933.00574,820.11633)
Sleeping for 0 milliseconds
:Sending Touch (ACTION_DOWN): 0:(1004.0,1302.0)
:Sending Touch (ACTION_UP): 0:(993.6392,1300.0773)
Sleeping for 0 milliseconds
:Sending Touch (ACTION_DOWN): 0:(980.0,1536.0)
:Sending Touch (ACTION_UP): 0:(980.1255,1528.2878)
Sleeping for 0 milliseconds
:Sending Touch (ACTION_DOWN): 0:(146.0,1271.0)
:Sending Touch (ACTION_UP): 0:(147.028,1270.9639)
Sleeping for 0 milliseconds
:Sending Touch (ACTION_DOWN): 0:(1000.0,196.0)
:Sending Touch (ACTION_UP): 0:(1019.8638,181.59755)
Sleeping for 0 milliseconds
:Sending Touch (ACTION_DOWN): 0:(104.0,397.0)
:Sending Touch (ACTION_UP): 0:(112.50421,374.82956)
Sleeping for 0 milliseconds
:Sending Touch (ACTION_DOWN): 0:(724.0,1484.0)
:Sending Touch (ACTION_UP): 0:(720.9442,1497.7157)
Sleeping for 0 milliseconds
:Sending Trackball (ACTION_MOVE): 0:(4.0,-1.0)
:Sending Trackball (ACTION_MOVE): 0:(3.0,-2.0)
:Sending Trackball (ACTION_MOVE): 0:(-2.0,-4.0)
:Sending Trackball (ACTION_MOVE): 0:(-4.0,-2.0)
:Sending Trackball (ACTION_MOVE): 0:(-5.0,-3.0)
:Sending Trackball (ACTION_MOVE): 0:(1.0,2.0)
:Sending Trackball (ACTION_MOVE): 0:(-2.0,4.0)
:Sending Trackball (ACTION_MOVE): 0:(3.0,4.0)
:Sending Trackball (ACTION_MOVE): 0:(-2.0,-2.0)
:Sending Trackball (ACTION_MOVE): 0:(-1.0,4.0)
:Sending Touch (ACTION_DOWN): 0:(267.0,1595.0)
:Sending Touch (ACTION_UP): 0:(269.1852,1587.2784)
Sleeping for 0 milliseconds
:Sending Touch (ACTION_DOWN): 0:(332.0,297.0)
:Sending Touch (ACTION_UP): 0:(323.0217,298.70062)
Sleeping for 0 milliseconds
:Sending Touch (ACTION_DOWN): 0:(645.0,1497.0)
:Sending Touch (ACTION_MOVE): 0:(644.75507,1496.907)
:Sending Touch (ACTION_MOVE): 0:(644.62695,1484.3289)
:Sending Touch (ACTION_MOVE): 0:(639.2068,1482.4346)
:Sending Touch (ACTION_MOVE): 0:(635.721,1479.2538)
:Sending Touch (ACTION_MOVE): 0:(634.4672,1468.0698)
:Sending Touch (ACTION_MOVE): 0:(629.7042,1454.7847)
:Sending Touch (ACTION_MOVE): 0:(629.3613,1447.8915)
:Sending Touch (ACTION_MOVE): 0:(624.234,1434.7367)
:Sending Touch (ACTION_MOVE): 0:(623.9873,1424.5923)
:Sending Touch (ACTION_UP): 0:(621.60956,1423.644)
Sleeping for 0 milliseconds
:Sending Touch (ACTION_DOWN): 0:(212.0,1275.0)
:Sending Touch (ACTION_UP): 0:(192.4274,1287.4442)
Sleeping for 0 milliseconds
:Sending Touch (ACTION_DOWN): 0:(662.0,672.0)
:Sending Touch (ACTION_UP): 0:(655.1823,679.5674)
Sleeping for 0 milliseconds
:Sending Touch (ACTION_DOWN): 0:(857.0,1153.0)
:Sending Touch (ACTION_UP): 0:(859.66516,1161.7367)
Sleeping for 0 milliseconds
:Sending Touch (ACTION_DOWN): 0:(491.0,412.0)
:Sending Touch (ACTION_UP): 0:(499.89407,399.21085)
Sleeping for 0 milliseconds
:Sending Key (ACTION_DOWN): 20    // KEYCODE_DPAD_DOWN
:Sending Key (ACTION_UP): 20    // KEYCODE_DPAD_DOWN
Sleeping for 0 milliseconds
:Sending Touch (ACTION_DOWN): 0:(132.0,1458.0)
:Sending Touch (ACTION_UP): 0:(140.45592,1469.0153)
Sleeping for 0 milliseconds
:Sending Touch (ACTION_DOWN): 0:(841.0,225.0)
:Sending Touch (ACTION_UP): 0:(832.3644,221.53209)
Sleeping for 0 milliseconds
:Sending Touch (ACTION_DOWN): 0:(1041.0,949.0)
:Sending Touch (ACTION_UP): 0:(1053.1213,965.27655)
Sleeping for 0 milliseconds
:Sending Trackball (ACTION_MOVE): 0:(1.0,2.0)
:Sending Trackball (ACTION_MOVE): 0:(4.0,-1.0)
:Sending Trackball (ACTION_MOVE): 0:(-2.0,-3.0)
:Sending Trackball (ACTION_MOVE): 0:(2.0,1.0)
:Sending Trackball (ACTION_MOVE): 0:(-5.0,-2.0)
:Sending Trackball (ACTION_MOVE): 0:(-5.0,-3.0)
:Sending Trackball (ACTION_MOVE): 0:(1.0,0.0)
:Sending Trackball (ACTION_MOVE): 0:(2.0,1.0)
:Sending Trackball (ACTION_MOVE): 0:(-4.0,4.0)
:Sending Trackball (ACTION_MOVE): 0:(-5.0,-3.0)
:Sending Trackball (ACTION_DOWN): 0:(0.0,0.0)
:Sending Trackball (ACTION_UP): 0:(0.0,0.0)
Sleeping for 0 milliseconds
:Sending Touch (ACTION_DOWN): 0:(215.0,430.0)
:Sending Touch (ACTION_UP): 0:(212.5348,431.12222)
Sleeping for 0 milliseconds
:Sending Touch (ACTION_DOWN): 0:(1028.0,325.0)
:Sending Touch (ACTION_UP): 0:(1030.5546,318.02023)
Sleeping for 0 milliseconds
:Sending Touch (ACTION_DOWN): 0:(481.0,1488.0)
:Sending Touch (ACTION_UP): 0:(479.62616,1492.8604)
Sleeping for 0 milliseconds
:Sending Touch (ACTION_DOWN): 0:(309.0,909.0)
:Sending Touch (ACTION_UP): 0:(321.9253,910.76575)
Sleeping for 0 milliseconds
:Sending Touch (ACTION_DOWN): 0:(542.0,1727.0)
:Sending Touch (ACTION_UP): 0:(542.1548,1728.1998)
Sleeping for 0 milliseconds
:Sending Touch (ACTION_DOWN): 0:(513.0,1538.0)
:Sending Touch (ACTION_UP): 0:(513.90936,1550.4092)
Sleeping for 0 milliseconds
:Sending Touch (ACTION_DOWN): 0:(386.0,778.0)
:Sending Touch (ACTION_UP): 0:(387.88104,773.19446)
Sleeping for 0 milliseconds
:Sending Trackball (ACTION_MOVE): 0:(2.0,-4.0)
:Sending Trackball (ACTION_MOVE): 0:(-3.0,-5.0)
:Sending Trackball (ACTION_MOVE): 0:(0.0,4.0)
:Sending Trackball (ACTION_MOVE): 0:(0.0,-3.0)
:Sending Trackball (ACTION_MOVE): 0:(2.0,-5.0)
:Sending Trackball (ACTION_MOVE): 0:(-3.0,-4.0)
:Sending Trackball (ACTION_MOVE): 0:(-2.0,-4.0)
:Sending Trackball (ACTION_MOVE): 0:(1.0,-3.0)
:Sending Trackball (ACTION_MOVE): 0:(-5.0,4.0)
:Sending Trackball (ACTION_MOVE): 0:(-1.0,4.0)
:Sending Trackball (ACTION_MOVE): 0:(0.0,4.0)
:Sending Trackball (ACTION_MOVE): 0:(2.0,0.0)
:Sending Trackball (ACTION_MOVE): 0:(1.0,-5.0)
:Sending Trackball (ACTION_MOVE): 0:(-2.0,3.0)
:Sending Trackball (ACTION_MOVE): 0:(-1.0,-5.0)
:Sending Trackball (ACTION_MOVE): 0:(1.0,1.0)
:Sending Trackball (ACTION_MOVE): 0:(-1.0,-5.0)
    //[calendar_time:2023-05-09 16:59:57.024  system_uptime:322522537]
    // Sending event #900
:Sending Trackball (ACTION_MOVE): 0:(0.0,4.0)
:Sending Trackball (ACTION_MOVE): 0:(2.0,0.0)
:Sending Trackball (ACTION_MOVE): 0:(1.0,-5.0)
:Sending Touch (ACTION_DOWN): 0:(730.0,264.0)
:Sending Touch (ACTION_UP): 0:(718.45013,249.12857)
Sleeping for 0 milliseconds
:Sending Touch (ACTION_DOWN): 0:(784.0,258.0)
:Sending Touch (ACTION_UP): 0:(788.1185,259.86435)
Sleeping for 0 milliseconds
:Sending Touch (ACTION_DOWN): 0:(1008.0,306.0)
:Sending Touch (ACTION_UP): 0:(1006.41565,309.7841)
Sleeping for 0 milliseconds
:Sending Trackball (ACTION_MOVE): 0:(-4.0,-2.0)
:Sending Trackball (ACTION_MOVE): 0:(3.0,-2.0)
:Sending Trackball (ACTION_MOVE): 0:(4.0,0.0)
:Sending Trackball (ACTION_MOVE): 0:(0.0,-4.0)
:Sending Trackball (ACTION_MOVE): 0:(-3.0,4.0)
:Sending Trackball (ACTION_MOVE): 0:(-5.0,-4.0)
:Sending Trackball (ACTION_MOVE): 0:(1.0,-4.0)
:Sending Trackball (ACTION_MOVE): 0:(-3.0,3.0)
:Sending Trackball (ACTION_MOVE): 0:(3.0,0.0)
:Sending Trackball (ACTION_MOVE): 0:(0.0,0.0)
:Sending Trackball (ACTION_DOWN): 0:(0.0,0.0)
:Sending Trackball (ACTION_UP): 0:(0.0,0.0)
Sleeping for 0 milliseconds
:Sending Trackball (ACTION_MOVE): 0:(-4.0,4.0)
:Sending Trackball (ACTION_MOVE): 0:(1.0,0.0)
:Sending Trackball (ACTION_MOVE): 0:(3.0,4.0)
:Sending Trackball (ACTION_MOVE): 0:(2.0,3.0)
:Sending Trackball (ACTION_MOVE): 0:(-1.0,0.0)
:Sending Trackball (ACTION_MOVE): 0:(3.0,0.0)
:Sending Trackball (ACTION_MOVE): 0:(3.0,-4.0)
:Sending Trackball (ACTION_MOVE): 0:(-5.0,-1.0)
:Sending Trackball (ACTION_MOVE): 0:(0.0,2.0)
:Sending Trackball (ACTION_MOVE): 0:(2.0,0.0)
:Sending Touch (ACTION_DOWN): 0:(922.0,583.0)
:Sending Touch (ACTION_UP): 0:(928.03546,572.6894)
Sleeping for 0 milliseconds
:Sending Touch (ACTION_DOWN): 0:(959.0,1615.0)
:Sending Touch (ACTION_UP): 0:(954.5262,1615.4)
Sleeping for 0 milliseconds
:Sending Touch (ACTION_DOWN): 0:(128.0,1499.0)
:Sending Touch (ACTION_UP): 0:(125.23407,1504.2028)
Sleeping for 0 milliseconds
:Sending Touch (ACTION_DOWN): 0:(1000.0,1052.0)
:Sending Touch (ACTION_UP): 0:(997.25024,1053.2078)
Sleeping for 0 milliseconds
:Sending Key (ACTION_DOWN): 25    // KEYCODE_VOLUME_DOWN
:Sending Key (ACTION_UP): 25    // KEYCODE_VOLUME_DOWN
Sleeping for 0 milliseconds
:Sending Touch (ACTION_DOWN): 0:(493.0,363.0)
:Sending Touch (ACTION_UP): 0:(475.13913,366.8833)
Sleeping for 0 milliseconds
:Sending Touch (ACTION_DOWN): 0:(735.0,1702.0)
:Sending Touch (ACTION_UP): 0:(730.57196,1689.997)
Sleeping for 0 milliseconds
:Sending Touch (ACTION_DOWN): 0:(626.0,923.0)
:Sending Touch (ACTION_UP): 0:(629.12604,923.84314)
Sleeping for 0 milliseconds
:Sending Touch (ACTION_DOWN): 0:(1064.0,465.0)
:Sending Touch (ACTION_UP): 0:(1060.6014,468.04245)
Sleeping for 0 milliseconds
:Sending Key (ACTION_DOWN): 22    // KEYCODE_DPAD_RIGHT
:Sending Key (ACTION_UP): 22    // KEYCODE_DPAD_RIGHT
Sleeping for 0 milliseconds
:Sending Touch (ACTION_DOWN): 0:(832.0,1174.0)
:Sending Touch (ACTION_UP): 0:(828.49835,1164.1956)
Sleeping for 0 milliseconds
:Sending Touch (ACTION_DOWN): 0:(849.0,675.0)
:Sending Touch (ACTION_UP): 0:(854.7138,674.8654)
Sleeping for 0 milliseconds
:Sending Touch (ACTION_DOWN): 0:(839.0,1011.0)
:Sending Touch (ACTION_UP): 0:(849.24506,998.654)
Sleeping for 0 milliseconds
:Sending Touch (ACTION_DOWN): 0:(143.0,1248.0)
:Sending Touch (ACTION_UP): 0:(144.41745,1253.2584)
Sleeping for 0 milliseconds
:Sending Touch (ACTION_DOWN): 0:(11.0,1208.0)
:Sending Touch (ACTION_UP): 0:(15.63896,1208.4175)
Sleeping for 0 milliseconds
:Sending Touch (ACTION_DOWN): 0:(957.0,788.0)
:Sending Touch (ACTION_UP): 0:(963.94366,800.03375)
Sleeping for 0 milliseconds
:Sending Touch (ACTION_DOWN): 0:(561.0,367.0)
:Sending Touch (ACTION_UP): 0:(559.6945,367.30798)
Sleeping for 0 milliseconds
:Sending Key (ACTION_DOWN): 18    // KEYCODE_POUND
:Sending Key (ACTION_UP): 18    // KEYCODE_POUND
Sleeping for 0 milliseconds
:Sending Touch (ACTION_DOWN): 0:(139.0,488.0)
:Sending Touch (ACTION_UP): 0:(138.6916,483.23178)
Sleeping for 0 milliseconds
:Sending Touch (ACTION_DOWN): 0:(415.0,1820.0)
:Sending Touch (ACTION_UP): 0:(410.6394,1825.0)
Sleeping for 0 milliseconds
:Sending Key (ACTION_DOWN): 82    // KEYCODE_MENU
:Sending Key (ACTION_UP): 82    // KEYCODE_MENU
Sleeping for 0 milliseconds
:Sending Key (ACTION_DOWN): 21    // KEYCODE_DPAD_LEFT
:Sending Key (ACTION_UP): 21    // KEYCODE_DPAD_LEFT
Sleeping for 0 milliseconds
:Sending Key (ACTION_DOWN): 22    // KEYCODE_DPAD_RIGHT
:Sending Key (ACTION_UP): 22    // KEYCODE_DPAD_RIGHT
Sleeping for 0 milliseconds
:Sending Touch (ACTION_DOWN): 0:(638.0,1522.0)
:Sending Touch (ACTION_UP): 0:(636.8406,1513.8323)
Sleeping for 0 milliseconds
:Sending Key (ACTION_DOWN): 82    // KEYCODE_MENU
:Sending Key (ACTION_UP): 82    // KEYCODE_MENU
Sleeping for 0 milliseconds
:Sending Touch (ACTION_DOWN): 0:(254.0,819.0)
:Sending Touch (ACTION_UP): 0:(250.36887,807.0322)
Sleeping for 0 milliseconds
:Sending Touch (ACTION_DOWN): 0:(828.0,228.0)
:Sending Touch (ACTION_UP): 0:(833.2473,224.9268)
Sleeping for 0 milliseconds
:Sending Touch (ACTION_DOWN): 0:(713.0,358.0)
:Sending Touch (ACTION_UP): 0:(715.76013,355.49878)
Sleeping for 0 milliseconds
:Sending Touch (ACTION_DOWN): 0:(958.0,1545.0)
:Sending Touch (ACTION_UP): 0:(951.96735,1543.892)
Sleeping for 0 milliseconds
:Sending Key (ACTION_DOWN): 23    // KEYCODE_DPAD_CENTER
:Sending Key (ACTION_UP): 23    // KEYCODE_DPAD_CENTER
Sleeping for 0 milliseconds
:Sending Touch (ACTION_DOWN): 0:(1034.0,169.0)
:Sending Touch (ACTION_UP): 0:(1036.6731,174.97054)
Sleeping for 0 milliseconds
:Sending Touch (ACTION_DOWN): 0:(975.0,842.0)
:Sending Touch (ACTION_UP): 0:(972.3761,840.4803)
Sleeping for 0 milliseconds
:Sending Touch (ACTION_DOWN): 0:(196.0,724.0)
:Sending Touch (ACTION_UP): 0:(190.28178,723.43256)
Sleeping for 0 milliseconds
:Sending Touch (ACTION_DOWN): 0:(1053.0,1028.0)
:Sending Touch (ACTION_UP): 0:(1046.7013,1031.2067)
Sleeping for 0 milliseconds
:Sending Touch (ACTION_DOWN): 0:(1002.0,1178.0)
Events injected: 1000
:Sending rotation degree=0, persist=false
:Dropped: keys=0 pointers=24 trackballs=0 flips=0 rotations=0
## Network stats: elapsed time=3793ms (0ms mobile, 0ms wifi, 3793ms not connected)
// Monkey finished
